2022-07-06 03:32:54 [main] INFO  c.m.d.t.t.k.s.TwitterToKafkaServiceApplication - Starting TwitterToKafkaServiceApplication v0.0.1-SNAPSHOT using Java 17.0.3.1 on 0ac3865d6460 with PID 438 (/workspace/BOOT-INF/classes started by root in /workspace)
2022-07-06 03:32:54 [main] INFO  c.m.d.t.t.k.s.TwitterToKafkaServiceApplication - The following 1 profile is active: "twitter_to_kafka"
2022-07-06 03:32:54 [main] INFO  o.s.c.c.c.ConfigServerConfigDataLoader - Fetching config from server at : http://config-server:8888
2022-07-06 03:32:54 [main] INFO  o.s.c.c.c.ConfigServerConfigDataLoader - Located environment: name=twitter-to-kafka-service,config-client, profiles=[twitter_to_kafka], label=null, version=b90c57b86355e9bbab7def0b64d94f7b64206b2d, state=null
2022-07-06 03:32:54 [main] INFO  o.s.c.c.c.ConfigServerConfigDataLoader - Fetching config from server at : http://config-server:8888
2022-07-06 03:32:54 [main] INFO  o.s.c.c.c.ConfigServerConfigDataLoader - Located environment: name=twitter-to-kafka-service,config-client, profiles=[twitter_to_kafka], label=null, version=b90c57b86355e9bbab7def0b64d94f7b64206b2d, state=null
2022-07-06 03:32:59 [main] INFO  o.s.cloud.context.scope.GenericScope - BeanFactory id=847877db-51e1-386e-9c9c-37bb06bd30e7
2022-07-06 03:33:07 [main] INFO  o.a.k.c.admin.AdminClientConfig - AdminClientConfig values: 
	bootstrap.servers = [kafka-broker-1:9092, kafka-broker-2:9092, kafka-broker-3:9092]
	client.dns.lookup = use_all_dns_ips
	client.id = 
	connections.max.idle.ms = 300000
	default.api.timeout.ms = 60000
	metadata.max.age.ms = 300000
	metric.reporters = []
	metrics.num.samples = 2
	metrics.recording.level = INFO
	metrics.sample.window.ms = 30000
	receive.buffer.bytes = 65536
	reconnect.backoff.max.ms = 1000
	reconnect.backoff.ms = 50
	request.timeout.ms = 30000
	retries = 2147483647
	retry.backoff.ms = 100
	sasl.client.callback.handler.class = null
	sasl.jaas.config = null
	sasl.kerberos.kinit.cmd = /usr/bin/kinit
	sasl.kerberos.min.time.before.relogin = 60000
	sasl.kerberos.service.name = null
	sasl.kerberos.ticket.renew.jitter = 0.05
	sasl.kerberos.ticket.renew.window.factor = 0.8
	sasl.login.callback.handler.class = null
	sasl.login.class = null
	sasl.login.connect.timeout.ms = null
	sasl.login.read.timeout.ms = null
	sasl.login.refresh.buffer.seconds = 300
	sasl.login.refresh.min.period.seconds = 60
	sasl.login.refresh.window.factor = 0.8
	sasl.login.refresh.window.jitter = 0.05
	sasl.login.retry.backoff.max.ms = 10000
	sasl.login.retry.backoff.ms = 100
	sasl.mechanism = GSSAPI
	sasl.oauthbearer.clock.skew.seconds = 30
	sasl.oauthbearer.expected.audience = null
	sasl.oauthbearer.expected.issuer = null
	sasl.oauthbearer.jwks.endpoint.refresh.ms = 3600000
	sasl.oauthbearer.jwks.endpoint.retry.backoff.max.ms = 10000
	sasl.oauthbearer.jwks.endpoint.retry.backoff.ms = 100
	sasl.oauthbearer.jwks.endpoint.url = null
	sasl.oauthbearer.scope.claim.name = scope
	sasl.oauthbearer.sub.claim.name = sub
	sasl.oauthbearer.token.endpoint.url = null
	security.protocol = PLAINTEXT
	security.providers = null
	send.buffer.bytes = 131072
	socket.connection.setup.timeout.max.ms = 30000
	socket.connection.setup.timeout.ms = 10000
	ssl.cipher.suites = null
	ssl.enabled.protocols = [TLSv1.2, TLSv1.3]
	ssl.endpoint.identification.algorithm = https
	ssl.engine.factory.class = null
	ssl.key.password = null
	ssl.keymanager.algorithm = SunX509
	ssl.keystore.certificate.chain = null
	ssl.keystore.key = null
	ssl.keystore.location = null
	ssl.keystore.password = null
	ssl.keystore.type = JKS
	ssl.protocol = TLSv1.3
	ssl.provider = null
	ssl.secure.random.implementation = null
	ssl.trustmanager.algorithm = PKIX
	ssl.truststore.certificates = null
	ssl.truststore.location = null
	ssl.truststore.password = null
	ssl.truststore.type = JKS

2022-07-06 03:33:14 [main] INFO  o.a.kafka.common.utils.AppInfoParser - Kafka version: 3.1.1
2022-07-06 03:33:14 [main] INFO  o.a.kafka.common.utils.AppInfoParser - Kafka commitId: 97671528ba54a138
2022-07-06 03:33:14 [main] INFO  o.a.kafka.common.utils.AppInfoParser - Kafka startTimeMs: 1657078394191
2022-07-06 03:33:20 [main] INFO  o.s.b.a.s.r.ReactiveUserDetailsServiceAutoConfiguration - 

Using generated security password: 3cd9cda9-4844-4f32-815d-fba9d8ef8b90

2022-07-06 03:33:22 [main] INFO  o.s.b.w.e.netty.NettyWebServer - Netty started on port 8080
2022-07-06 03:33:22 [main] INFO  c.m.d.t.t.k.s.TwitterToKafkaServiceApplication - Started TwitterToKafkaServiceApplication in 37.031 seconds (JVM running for 42.638)
2022-07-06 03:33:22 [main] INFO  c.m.d.t.t.k.s.TwitterToKafkaServiceApplication - App starts...
2022-07-06 03:33:22 [main] INFO  c.m.d.k.a.client.KafkaAdminClient - Creating 1 topic(s), attempt 0
2022-07-06 03:33:22 [main] INFO  c.m.d.k.a.client.KafkaAdminClient - Reading kafka topic [twitter-topic], attempt 0
2022-07-06 03:33:29 [main] INFO  c.m.d.t.t.k.s.i.i.KafkaStreamInitializer - Topic with Name twitter-topic is ready for operation!
2022-07-06 03:33:29 [main] INFO  c.m.d.t.t.k.s.r.i.MockKafkaStreamRunner - Starting mock filtering twitter streams for keywords [Java, Microservices, Kafka, Elasticsearch, Spring]
2022-07-06 03:33:31 [pool-3-thread-1] INFO  c.m.d.t.t.k.s.l.TwitterKafkaStatusListener - Received Status text Fusce sit malesuada adipiscing purus sed Microservices libero consectetuer porttitor consectetuer sending to Kafka Topic twitter-topic
2022-07-06 03:33:32 [pool-3-thread-1] INFO  c.m.d.k.p.s.i.TwitterKafkaProducer - Sending Message {"userId": 6148245451165117871, "id": 6991968131587809766, "text": "Fusce sit malesuada adipiscing purus sed Microservices libero consectetuer porttitor consectetuer", "createdAt": 1657078409000} to topic: twitter-topic
2022-07-06 03:33:32 [pool-3-thread-1] INFO  o.a.k.c.producer.ProducerConfig - ProducerConfig values: 
	acks = -1
	batch.size = 1638400
	bootstrap.servers = [kafka-broker-1:9092, kafka-broker-2:9092, kafka-broker-3:9092]
	buffer.memory = 33554432
	client.dns.lookup = use_all_dns_ips
	client.id = producer-1
	compression.type = snappy
	connections.max.idle.ms = 540000
	delivery.timeout.ms = 120000
	enable.idempotence = true
	interceptor.classes = []
	key.serializer = class org.apache.kafka.common.serialization.LongSerializer
	linger.ms = 5
	max.block.ms = 60000
	max.in.flight.requests.per.connection = 5
	max.request.size = 1048576
	metadata.max.age.ms = 300000
	metadata.max.idle.ms = 300000
	metric.reporters = []
	metrics.num.samples = 2
	metrics.recording.level = INFO
	metrics.sample.window.ms = 30000
	partitioner.class = class org.apache.kafka.clients.producer.internals.DefaultPartitioner
	receive.buffer.bytes = 32768
	reconnect.backoff.max.ms = 1000
	reconnect.backoff.ms = 50
	request.timeout.ms = 60000
	retries = 5
	retry.backoff.ms = 100
	sasl.client.callback.handler.class = null
	sasl.jaas.config = null
	sasl.kerberos.kinit.cmd = /usr/bin/kinit
	sasl.kerberos.min.time.before.relogin = 60000
	sasl.kerberos.service.name = null
	sasl.kerberos.ticket.renew.jitter = 0.05
	sasl.kerberos.ticket.renew.window.factor = 0.8
	sasl.login.callback.handler.class = null
	sasl.login.class = null
	sasl.login.connect.timeout.ms = null
	sasl.login.read.timeout.ms = null
	sasl.login.refresh.buffer.seconds = 300
	sasl.login.refresh.min.period.seconds = 60
	sasl.login.refresh.window.factor = 0.8
	sasl.login.refresh.window.jitter = 0.05
	sasl.login.retry.backoff.max.ms = 10000
	sasl.login.retry.backoff.ms = 100
	sasl.mechanism = GSSAPI
	sasl.oauthbearer.clock.skew.seconds = 30
	sasl.oauthbearer.expected.audience = null
	sasl.oauthbearer.expected.issuer = null
	sasl.oauthbearer.jwks.endpoint.refresh.ms = 3600000
	sasl.oauthbearer.jwks.endpoint.retry.backoff.max.ms = 10000
	sasl.oauthbearer.jwks.endpoint.retry.backoff.ms = 100
	sasl.oauthbearer.jwks.endpoint.url = null
	sasl.oauthbearer.scope.claim.name = scope
	sasl.oauthbearer.sub.claim.name = sub
	sasl.oauthbearer.token.endpoint.url = null
	security.protocol = PLAINTEXT
	security.providers = null
	send.buffer.bytes = 131072
	socket.connection.setup.timeout.max.ms = 30000
	socket.connection.setup.timeout.ms = 10000
	ssl.cipher.suites = null
	ssl.enabled.protocols = [TLSv1.2, TLSv1.3]
	ssl.endpoint.identification.algorithm = https
	ssl.engine.factory.class = null
	ssl.key.password = null
	ssl.keymanager.algorithm = SunX509
	ssl.keystore.certificate.chain = null
	ssl.keystore.key = null
	ssl.keystore.location = null
	ssl.keystore.password = null
	ssl.keystore.type = JKS
	ssl.protocol = TLSv1.3
	ssl.provider = null
	ssl.secure.random.implementation = null
	ssl.trustmanager.algorithm = PKIX
	ssl.truststore.certificates = null
	ssl.truststore.location = null
	ssl.truststore.password = null
	ssl.truststore.type = JKS
	transaction.timeout.ms = 60000
	transactional.id = null
	value.serializer = class io.confluent.kafka.serializers.KafkaAvroSerializer

2022-07-06 03:33:32 [pool-3-thread-1] INFO  i.c.k.s.KafkaAvroSerializerConfig - KafkaAvroSerializerConfig values: 
	bearer.auth.token = [hidden]
	proxy.port = -1
	schema.reflection = false
	auto.register.schemas = true
	max.schemas.per.subject = 1000
	basic.auth.credentials.source = URL
	value.subject.name.strategy = class io.confluent.kafka.serializers.subject.TopicNameStrategy
	schema.registry.url = [http://schema-registry:8081]
	basic.auth.user.info = [hidden]
	proxy.host = 
	use.latest.version = false
	schema.registry.basic.auth.user.info = [hidden]
	bearer.auth.credentials.source = STATIC_TOKEN
	key.subject.name.strategy = class io.confluent.kafka.serializers.subject.TopicNameStrategy

2022-07-06 03:33:32 [pool-3-thread-1] INFO  o.a.k.clients.producer.KafkaProducer - [Producer clientId=producer-1] Instantiated an idempotent producer.
2022-07-06 03:33:32 [pool-3-thread-1] INFO  o.a.kafka.common.utils.AppInfoParser - Kafka version: 3.1.1
2022-07-06 03:33:32 [pool-3-thread-1] INFO  o.a.kafka.common.utils.AppInfoParser - Kafka commitId: 97671528ba54a138
2022-07-06 03:33:32 [pool-3-thread-1] INFO  o.a.kafka.common.utils.AppInfoParser - Kafka startTimeMs: 1657078412370
2022-07-06 03:33:32 [kafka-producer-network-thread | producer-1] INFO  org.apache.kafka.clients.Metadata - [Producer clientId=producer-1] Cluster ID: HrdxV-dsSCiatj4HgABgDQ
2022-07-06 03:33:32 [kafka-producer-network-thread | producer-1] INFO  o.a.k.c.p.i.TransactionManager - [Producer clientId=producer-1] ProducerId set to 0 with epoch 0
2022-07-06 03:33:46 [pool-3-thread-1] INFO  c.m.d.t.t.k.s.l.TwitterKafkaStatusListener - Received Status text adipiscing ultricies porttitor massa Elasticsearch magna consectetuer ipsum sending to Kafka Topic twitter-topic
2022-07-06 03:33:46 [pool-3-thread-1] INFO  c.m.d.k.p.s.i.TwitterKafkaProducer - Sending Message {"userId": 1398425801093432761, "id": 3340873232634494940, "text": "adipiscing ultricies porttitor massa Elasticsearch magna consectetuer ipsum", "createdAt": 1657078426000} to topic: twitter-topic
2022-07-06 03:33:56 [pool-3-thread-1] INFO  c.m.d.t.t.k.s.l.TwitterKafkaStatusListener - Received Status text lectus porttitor lectus sed Lorem Elasticsearch lectus consectetuer ipsum congue sending to Kafka Topic twitter-topic
2022-07-06 03:33:56 [pool-3-thread-1] INFO  c.m.d.k.p.s.i.TwitterKafkaProducer - Sending Message {"userId": 2868174339485241174, "id": 6685746021825345613, "text": "lectus porttitor lectus sed Lorem Elasticsearch lectus consectetuer ipsum congue", "createdAt": 1657078436000} to topic: twitter-topic
2022-07-06 03:34:06 [pool-3-thread-1] INFO  c.m.d.t.t.k.s.l.TwitterKafkaStatusListener - Received Status text purus ipsum elit Fusce Microservices malesuada ultricies sending to Kafka Topic twitter-topic
2022-07-06 03:34:06 [pool-3-thread-1] INFO  c.m.d.k.p.s.i.TwitterKafkaProducer - Sending Message {"userId": 1579196781245221743, "id": 6227274134090235656, "text": "purus ipsum elit Fusce Microservices malesuada ultricies", "createdAt": 1657078446000} to topic: twitter-topic
2022-07-06 03:34:16 [pool-3-thread-1] INFO  c.m.d.t.t.k.s.l.TwitterKafkaStatusListener - Received Status text pulvinar elit sed magna Maecenas Microservices massa amet congue purus sending to Kafka Topic twitter-topic
2022-07-06 03:34:16 [pool-3-thread-1] INFO  c.m.d.k.p.s.i.TwitterKafkaProducer - Sending Message {"userId": 2145295042111925574, "id": 6011487420794292558, "text": "pulvinar elit sed magna Maecenas Microservices massa amet congue purus", "createdAt": 1657078456000} to topic: twitter-topic
2022-07-06 03:34:26 [pool-3-thread-1] INFO  c.m.d.t.t.k.s.l.TwitterKafkaStatusListener - Received Status text adipiscing amet magna massa Fusce dolor Kafka libero sit magna dolor purus sending to Kafka Topic twitter-topic
2022-07-06 03:34:26 [pool-3-thread-1] INFO  c.m.d.k.p.s.i.TwitterKafkaProducer - Sending Message {"userId": 2647422196805716921, "id": 4448684697337906303, "text": "adipiscing amet magna massa Fusce dolor Kafka libero sit magna dolor purus", "createdAt": 1657078466000} to topic: twitter-topic
2022-07-06 03:34:36 [pool-3-thread-1] INFO  c.m.d.t.t.k.s.l.TwitterKafkaStatusListener - Received Status text purus sed libero libero Fusce elit elit libero Spring ipsum libero ultricies consectetuer elit ipsum sit sending to Kafka Topic twitter-topic
2022-07-06 03:34:36 [pool-3-thread-1] INFO  c.m.d.k.p.s.i.TwitterKafkaProducer - Sending Message {"userId": 6474239885677851966, "id": 965226746686457532, "text": "purus sed libero libero Fusce elit elit libero Spring ipsum libero ultricies consectetuer elit ipsum sit", "createdAt": 1657078476000} to topic: twitter-topic
2022-07-06 03:34:46 [pool-3-thread-1] INFO  c.m.d.t.t.k.s.l.TwitterKafkaStatusListener - Received Status text posuere ipsum congue ipsum Lorem sit Fusce Kafka lectus posuere lectus libero Maecenas sending to Kafka Topic twitter-topic
2022-07-06 03:34:46 [pool-3-thread-1] INFO  c.m.d.k.p.s.i.TwitterKafkaProducer - Sending Message {"userId": 3970466214603255860, "id": 8687577977171571678, "text": "posuere ipsum congue ipsum Lorem sit Fusce Kafka lectus posuere lectus libero Maecenas", "createdAt": 1657078486000} to topic: twitter-topic
2022-07-06 03:34:56 [pool-3-thread-1] INFO  c.m.d.t.t.k.s.l.TwitterKafkaStatusListener - Received Status text massa adipiscing elit adipiscing Lorem Spring Lorem purus purus sending to Kafka Topic twitter-topic
2022-07-06 03:34:56 [pool-3-thread-1] INFO  c.m.d.k.p.s.i.TwitterKafkaProducer - Sending Message {"userId": 6162648157141027126, "id": 2185600088736002396, "text": "massa adipiscing elit adipiscing Lorem Spring Lorem purus purus", "createdAt": 1657078496000} to topic: twitter-topic
2022-07-06 03:35:06 [pool-3-thread-1] INFO  c.m.d.t.t.k.s.l.TwitterKafkaStatusListener - Received Status text dolor sed Lorem magna ultricies sit massa adipiscing Microservices amet pulvinar Maecenas ipsum ultricies congue adipiscing sending to Kafka Topic twitter-topic
2022-07-06 03:35:06 [pool-3-thread-1] INFO  c.m.d.k.p.s.i.TwitterKafkaProducer - Sending Message {"userId": 8205756384265226092, "id": 6528636294671552608, "text": "dolor sed Lorem magna ultricies sit massa adipiscing Microservices amet pulvinar Maecenas ipsum ultricies congue adipiscing", "createdAt": 1657078506000} to topic: twitter-topic
2022-07-06 03:35:16 [pool-3-thread-1] INFO  c.m.d.t.t.k.s.l.TwitterKafkaStatusListener - Received Status text consectetuer congue sit purus posuere amet Elasticsearch magna sed pulvinar posuere sending to Kafka Topic twitter-topic
2022-07-06 03:35:16 [pool-3-thread-1] INFO  c.m.d.k.p.s.i.TwitterKafkaProducer - Sending Message {"userId": 9172516703562210868, "id": 940551908588012891, "text": "consectetuer congue sit purus posuere amet Elasticsearch magna sed pulvinar posuere", "createdAt": 1657078516000} to topic: twitter-topic
2022-07-06 03:35:26 [pool-3-thread-1] INFO  c.m.d.t.t.k.s.l.TwitterKafkaStatusListener - Received Status text magna ultricies posuere pulvinar pulvinar Java Maecenas Lorem dolor pulvinar sending to Kafka Topic twitter-topic
2022-07-06 03:35:26 [pool-3-thread-1] INFO  c.m.d.k.p.s.i.TwitterKafkaProducer - Sending Message {"userId": 598309504981336952, "id": 402074651648632825, "text": "magna ultricies posuere pulvinar pulvinar Java Maecenas Lorem dolor pulvinar", "createdAt": 1657078526000} to topic: twitter-topic
2022-07-06 03:35:36 [pool-3-thread-1] INFO  c.m.d.t.t.k.s.l.TwitterKafkaStatusListener - Received Status text ipsum congue ultricies massa malesuada elit Elasticsearch ultricies purus sed lectus sending to Kafka Topic twitter-topic
2022-07-06 03:35:36 [pool-3-thread-1] INFO  c.m.d.k.p.s.i.TwitterKafkaProducer - Sending Message {"userId": 1918261318049210501, "id": 5844538997335849590, "text": "ipsum congue ultricies massa malesuada elit Elasticsearch ultricies purus sed lectus", "createdAt": 1657078536000} to topic: twitter-topic
2022-07-06 03:35:46 [pool-3-thread-1] INFO  c.m.d.t.t.k.s.l.TwitterKafkaStatusListener - Received Status text massa porttitor consectetuer pulvinar amet posuere Kafka consectetuer posuere massa sit sending to Kafka Topic twitter-topic
2022-07-06 03:35:46 [pool-3-thread-1] INFO  c.m.d.k.p.s.i.TwitterKafkaProducer - Sending Message {"userId": 6622811229086213469, "id": 3129080432817503494, "text": "massa porttitor consectetuer pulvinar amet posuere Kafka consectetuer posuere massa sit", "createdAt": 1657078546000} to topic: twitter-topic
2022-07-06 03:35:56 [pool-3-thread-1] INFO  c.m.d.t.t.k.s.l.TwitterKafkaStatusListener - Received Status text massa posuere ipsum Fusce consectetuer purus purus elit Java lectus elit posuere pulvinar sit congue malesuada sending to Kafka Topic twitter-topic
2022-07-06 03:35:56 [pool-3-thread-1] INFO  c.m.d.k.p.s.i.TwitterKafkaProducer - Sending Message {"userId": 7094097420588308080, "id": 8020777520987358927, "text": "massa posuere ipsum Fusce consectetuer purus purus elit Java lectus elit posuere pulvinar sit congue malesuada", "createdAt": 1657078556000} to topic: twitter-topic
2022-07-06 03:36:06 [pool-3-thread-1] INFO  c.m.d.t.t.k.s.l.TwitterKafkaStatusListener - Received Status text magna purus ipsum Maecenas magna Fusce sed Fusce Microservices libero massa massa Maecenas ultricies Lorem lectus sending to Kafka Topic twitter-topic
2022-07-06 03:36:06 [pool-3-thread-1] INFO  c.m.d.k.p.s.i.TwitterKafkaProducer - Sending Message {"userId": 4442928673701096142, "id": 8557784692720874968, "text": "magna purus ipsum Maecenas magna Fusce sed Fusce Microservices libero massa massa Maecenas ultricies Lorem lectus", "createdAt": 1657078566000} to topic: twitter-topic
2022-07-06 03:36:16 [pool-3-thread-1] INFO  c.m.d.t.t.k.s.l.TwitterKafkaStatusListener - Received Status text massa sed elit massa posuere massa libero congue Microservices massa pulvinar ultricies posuere dolor sit sending to Kafka Topic twitter-topic
2022-07-06 03:36:16 [pool-3-thread-1] INFO  c.m.d.k.p.s.i.TwitterKafkaProducer - Sending Message {"userId": 3010856813093157086, "id": 1477779552109120123, "text": "massa sed elit massa posuere massa libero congue Microservices massa pulvinar ultricies posuere dolor sit", "createdAt": 1657078576000} to topic: twitter-topic
2022-07-06 03:36:26 [pool-3-thread-1] INFO  c.m.d.t.t.k.s.l.TwitterKafkaStatusListener - Received Status text sed massa ultricies Lorem Microservices consectetuer massa sed sending to Kafka Topic twitter-topic
2022-07-06 03:36:26 [pool-3-thread-1] INFO  c.m.d.k.p.s.i.TwitterKafkaProducer - Sending Message {"userId": 1425538532226703685, "id": 7896721620014441490, "text": "sed massa ultricies Lorem Microservices consectetuer massa sed", "createdAt": 1657078586000} to topic: twitter-topic
2022-07-06 03:36:36 [pool-3-thread-1] INFO  c.m.d.t.t.k.s.l.TwitterKafkaStatusListener - Received Status text adipiscing Maecenas Maecenas consectetuer congue Fusce Spring lectus elit pulvinar elit dolor sending to Kafka Topic twitter-topic
2022-07-06 03:36:36 [pool-3-thread-1] INFO  c.m.d.k.p.s.i.TwitterKafkaProducer - Sending Message {"userId": 7904277472370677443, "id": 8743860104481593882, "text": "adipiscing Maecenas Maecenas consectetuer congue Fusce Spring lectus elit pulvinar elit dolor", "createdAt": 1657078596000} to topic: twitter-topic
2022-07-06 03:36:46 [pool-3-thread-1] INFO  c.m.d.t.t.k.s.l.TwitterKafkaStatusListener - Received Status text posuere dolor ultricies consectetuer Elasticsearch sed dolor sending to Kafka Topic twitter-topic
2022-07-06 03:36:46 [pool-3-thread-1] INFO  c.m.d.k.p.s.i.TwitterKafkaProducer - Sending Message {"userId": 3990490872511427527, "id": 4895384776111461138, "text": "posuere dolor ultricies consectetuer Elasticsearch sed dolor", "createdAt": 1657078606000} to topic: twitter-topic
2022-07-06 03:36:56 [pool-3-thread-1] INFO  c.m.d.t.t.k.s.l.TwitterKafkaStatusListener - Received Status text pulvinar consectetuer consectetuer Microservices posuere porttitor sending to Kafka Topic twitter-topic
2022-07-06 03:36:56 [pool-3-thread-1] INFO  c.m.d.k.p.s.i.TwitterKafkaProducer - Sending Message {"userId": 770278406392538688, "id": 822104376922865293, "text": "pulvinar consectetuer consectetuer Microservices posuere porttitor", "createdAt": 1657078616000} to topic: twitter-topic
2022-07-06 03:37:06 [pool-3-thread-1] INFO  c.m.d.t.t.k.s.l.TwitterKafkaStatusListener - Received Status text porttitor posuere dolor Fusce Java ultricies sit amet sending to Kafka Topic twitter-topic
2022-07-06 03:37:06 [pool-3-thread-1] INFO  c.m.d.k.p.s.i.TwitterKafkaProducer - Sending Message {"userId": 3810322651450490055, "id": 6211391484675905830, "text": "porttitor posuere dolor Fusce Java ultricies sit amet", "createdAt": 1657078626000} to topic: twitter-topic
2022-07-06 03:37:16 [pool-3-thread-1] INFO  c.m.d.t.t.k.s.l.TwitterKafkaStatusListener - Received Status text Fusce magna porttitor massa amet congue massa Spring massa lectus consectetuer Maecenas pulvinar sending to Kafka Topic twitter-topic
2022-07-06 03:37:16 [pool-3-thread-1] INFO  c.m.d.k.p.s.i.TwitterKafkaProducer - Sending Message {"userId": 3754064487598006623, "id": 4016296392969049968, "text": "Fusce magna porttitor massa amet congue massa Spring massa lectus consectetuer Maecenas pulvinar", "createdAt": 1657078636000} to topic: twitter-topic
2022-07-06 03:37:26 [pool-3-thread-1] INFO  c.m.d.t.t.k.s.l.TwitterKafkaStatusListener - Received Status text elit ipsum congue ultricies ipsum porttitor amet Elasticsearch Fusce consectetuer ultricies ipsum dolor sending to Kafka Topic twitter-topic
2022-07-06 03:37:26 [pool-3-thread-1] INFO  c.m.d.k.p.s.i.TwitterKafkaProducer - Sending Message {"userId": 8722781445988706943, "id": 8538250899809118641, "text": "elit ipsum congue ultricies ipsum porttitor amet Elasticsearch Fusce consectetuer ultricies ipsum dolor", "createdAt": 1657078646000} to topic: twitter-topic
2022-07-06 03:37:36 [pool-3-thread-1] INFO  c.m.d.t.t.k.s.l.TwitterKafkaStatusListener - Received Status text lectus adipiscing malesuada consectetuer massa posuere Java magna pulvinar porttitor massa sending to Kafka Topic twitter-topic
2022-07-06 03:37:36 [pool-3-thread-1] INFO  c.m.d.k.p.s.i.TwitterKafkaProducer - Sending Message {"userId": 2655457397837893451, "id": 3018960412840234410, "text": "lectus adipiscing malesuada consectetuer massa posuere Java magna pulvinar porttitor massa", "createdAt": 1657078656000} to topic: twitter-topic
2022-07-06 03:37:46 [pool-3-thread-1] INFO  c.m.d.t.t.k.s.l.TwitterKafkaStatusListener - Received Status text amet malesuada ipsum sed porttitor Fusce Java libero consectetuer sit massa ipsum sending to Kafka Topic twitter-topic
2022-07-06 03:37:46 [pool-3-thread-1] INFO  c.m.d.k.p.s.i.TwitterKafkaProducer - Sending Message {"userId": 9111120322884285577, "id": 8058584444403370625, "text": "amet malesuada ipsum sed porttitor Fusce Java libero consectetuer sit massa ipsum", "createdAt": 1657078666000} to topic: twitter-topic
2022-07-06 03:37:56 [pool-3-thread-1] INFO  c.m.d.t.t.k.s.l.TwitterKafkaStatusListener - Received Status text elit consectetuer posuere magna sed libero congue Maecenas Microservices porttitor amet posuere magna lectus purus sed sending to Kafka Topic twitter-topic
2022-07-06 03:37:56 [pool-3-thread-1] INFO  c.m.d.k.p.s.i.TwitterKafkaProducer - Sending Message {"userId": 1562364990101417631, "id": 5848285772616558116, "text": "elit consectetuer posuere magna sed libero congue Maecenas Microservices porttitor amet posuere magna lectus purus sed", "createdAt": 1657078676000} to topic: twitter-topic
2022-07-06 03:38:06 [pool-3-thread-1] INFO  c.m.d.t.t.k.s.l.TwitterKafkaStatusListener - Received Status text consectetuer sed dolor massa massa consectetuer Microservices lectus ipsum elit elit congue sending to Kafka Topic twitter-topic
2022-07-06 03:38:06 [pool-3-thread-1] INFO  c.m.d.k.p.s.i.TwitterKafkaProducer - Sending Message {"userId": 1988447624773805198, "id": 2138053271334536623, "text": "consectetuer sed dolor massa massa consectetuer Microservices lectus ipsum elit elit congue", "createdAt": 1657078686000} to topic: twitter-topic
2022-07-06 03:38:16 [pool-3-thread-1] INFO  c.m.d.t.t.k.s.l.TwitterKafkaStatusListener - Received Status text sed adipiscing ipsum lectus malesuada adipiscing elit Elasticsearch congue posuere malesuada dolor Maecenas sending to Kafka Topic twitter-topic
2022-07-06 03:38:16 [pool-3-thread-1] INFO  c.m.d.k.p.s.i.TwitterKafkaProducer - Sending Message {"userId": 3326197462602372703, "id": 7758660729589915549, "text": "sed adipiscing ipsum lectus malesuada adipiscing elit Elasticsearch congue posuere malesuada dolor Maecenas", "createdAt": 1657078696000} to topic: twitter-topic
2022-07-06 03:38:21 [kafka-admin-client-thread | adminclient-1] INFO  o.apache.kafka.clients.NetworkClient - [AdminClient clientId=adminclient-1] Node -1 disconnected.
2022-07-06 03:38:26 [pool-3-thread-1] INFO  c.m.d.t.t.k.s.l.TwitterKafkaStatusListener - Received Status text pulvinar Fusce ultricies Kafka ipsum Maecenas sending to Kafka Topic twitter-topic
2022-07-06 03:38:26 [pool-3-thread-1] INFO  c.m.d.k.p.s.i.TwitterKafkaProducer - Sending Message {"userId": 3395639548568072801, "id": 4333240415376615618, "text": "pulvinar Fusce ultricies Kafka ipsum Maecenas", "createdAt": 1657078706000} to topic: twitter-topic
2022-07-06 03:38:36 [pool-3-thread-1] INFO  c.m.d.t.t.k.s.l.TwitterKafkaStatusListener - Received Status text pulvinar magna ipsum elit pulvinar sit elit Elasticsearch congue ipsum posuere ultricies purus sending to Kafka Topic twitter-topic
2022-07-06 03:38:36 [pool-3-thread-1] INFO  c.m.d.k.p.s.i.TwitterKafkaProducer - Sending Message {"userId": 5495331558575574556, "id": 7837951981643635156, "text": "pulvinar magna ipsum elit pulvinar sit elit Elasticsearch congue ipsum posuere ultricies purus", "createdAt": 1657078716000} to topic: twitter-topic
2022-07-06 03:38:46 [pool-3-thread-1] INFO  c.m.d.t.t.k.s.l.TwitterKafkaStatusListener - Received Status text ultricies Fusce ipsum sed pulvinar Spring posuere sed libero sending to Kafka Topic twitter-topic
2022-07-06 03:38:46 [pool-3-thread-1] INFO  c.m.d.k.p.s.i.TwitterKafkaProducer - Sending Message {"userId": 9208862959480277631, "id": 2403845208580911534, "text": "ultricies Fusce ipsum sed pulvinar Spring posuere sed libero", "createdAt": 1657078726000} to topic: twitter-topic
2022-07-06 03:38:56 [pool-3-thread-1] INFO  c.m.d.t.t.k.s.l.TwitterKafkaStatusListener - Received Status text consectetuer congue sed Kafka purus congue sending to Kafka Topic twitter-topic
2022-07-06 03:38:56 [pool-3-thread-1] INFO  c.m.d.k.p.s.i.TwitterKafkaProducer - Sending Message {"userId": 3688208712378429418, "id": 8508598055178651883, "text": "consectetuer congue sed Kafka purus congue", "createdAt": 1657078736000} to topic: twitter-topic
2022-07-06 03:39:06 [pool-3-thread-1] INFO  c.m.d.t.t.k.s.l.TwitterKafkaStatusListener - Received Status text adipiscing ultricies amet elit sit Lorem congue elit Spring magna sit purus Fusce posuere consectetuer malesuada sending to Kafka Topic twitter-topic
2022-07-06 03:39:06 [pool-3-thread-1] INFO  c.m.d.k.p.s.i.TwitterKafkaProducer - Sending Message {"userId": 7249031410309771744, "id": 3786953647921143173, "text": "adipiscing ultricies amet elit sit Lorem congue elit Spring magna sit purus Fusce posuere consectetuer malesuada", "createdAt": 1657078746000} to topic: twitter-topic
2022-07-06 03:39:16 [pool-3-thread-1] INFO  c.m.d.t.t.k.s.l.TwitterKafkaStatusListener - Received Status text Lorem Maecenas posuere Fusce libero sit ipsum Microservices malesuada malesuada porttitor porttitor posuere sending to Kafka Topic twitter-topic
2022-07-06 03:39:16 [pool-3-thread-1] INFO  c.m.d.k.p.s.i.TwitterKafkaProducer - Sending Message {"userId": 4906109455004658562, "id": 9097850877387197878, "text": "Lorem Maecenas posuere Fusce libero sit ipsum Microservices malesuada malesuada porttitor porttitor posuere", "createdAt": 1657078756000} to topic: twitter-topic
2022-07-06 03:39:26 [pool-3-thread-1] INFO  c.m.d.t.t.k.s.l.TwitterKafkaStatusListener - Received Status text ultricies pulvinar consectetuer Maecenas massa sed Elasticsearch massa lectus sit Fusce sit sending to Kafka Topic twitter-topic
2022-07-06 03:39:26 [pool-3-thread-1] INFO  c.m.d.k.p.s.i.TwitterKafkaProducer - Sending Message {"userId": 2461456308039862360, "id": 3795818080094741449, "text": "ultricies pulvinar consectetuer Maecenas massa sed Elasticsearch massa lectus sit Fusce sit", "createdAt": 1657078766000} to topic: twitter-topic
2022-07-06 03:39:36 [pool-3-thread-1] INFO  c.m.d.t.t.k.s.l.TwitterKafkaStatusListener - Received Status text lectus purus libero magna Microservices malesuada posuere malesuada sending to Kafka Topic twitter-topic
2022-07-06 03:39:36 [pool-3-thread-1] INFO  c.m.d.k.p.s.i.TwitterKafkaProducer - Sending Message {"userId": 5477923695170764815, "id": 1956602408646499496, "text": "lectus purus libero magna Microservices malesuada posuere malesuada", "createdAt": 1657078776000} to topic: twitter-topic
2022-07-06 03:39:46 [pool-3-thread-1] INFO  c.m.d.t.t.k.s.l.TwitterKafkaStatusListener - Received Status text massa amet Lorem elit pulvinar posuere elit Fusce Java massa magna pulvinar posuere purus posuere sending to Kafka Topic twitter-topic
2022-07-06 03:39:46 [pool-3-thread-1] INFO  c.m.d.k.p.s.i.TwitterKafkaProducer - Sending Message {"userId": 7843216685802347329, "id": 8898690761923318520, "text": "massa amet Lorem elit pulvinar posuere elit Fusce Java massa magna pulvinar posuere purus posuere", "createdAt": 1657078786000} to topic: twitter-topic
2022-07-06 03:39:56 [pool-3-thread-1] INFO  c.m.d.t.t.k.s.l.TwitterKafkaStatusListener - Received Status text adipiscing amet porttitor libero purus Kafka consectetuer pulvinar libero adipiscing sending to Kafka Topic twitter-topic
2022-07-06 03:39:56 [pool-3-thread-1] INFO  c.m.d.k.p.s.i.TwitterKafkaProducer - Sending Message {"userId": 713846852429341538, "id": 177970585030376176, "text": "adipiscing amet porttitor libero purus Kafka consectetuer pulvinar libero adipiscing", "createdAt": 1657078796000} to topic: twitter-topic
2022-07-06 03:40:06 [pool-3-thread-1] INFO  c.m.d.t.t.k.s.l.TwitterKafkaStatusListener - Received Status text Maecenas lectus lectus Fusce lectus Lorem Lorem purus Spring posuere Fusce posuere ultricies consectetuer purus dolor sending to Kafka Topic twitter-topic
2022-07-06 03:40:06 [pool-3-thread-1] INFO  c.m.d.k.p.s.i.TwitterKafkaProducer - Sending Message {"userId": 6169372926275968076, "id": 6971736447419339863, "text": "Maecenas lectus lectus Fusce lectus Lorem Lorem purus Spring posuere Fusce posuere ultricies consectetuer purus dolor", "createdAt": 1657078806000} to topic: twitter-topic
2022-07-06 03:40:16 [pool-3-thread-1] INFO  c.m.d.t.t.k.s.l.TwitterKafkaStatusListener - Received Status text ultricies posuere pulvinar ipsum Spring sed adipiscing sending to Kafka Topic twitter-topic
2022-07-06 03:40:16 [pool-3-thread-1] INFO  c.m.d.k.p.s.i.TwitterKafkaProducer - Sending Message {"userId": 773370187006700900, "id": 351624539955630746, "text": "ultricies posuere pulvinar ipsum Spring sed adipiscing", "createdAt": 1657078816000} to topic: twitter-topic
2022-07-06 03:40:26 [pool-3-thread-1] INFO  c.m.d.t.t.k.s.l.TwitterKafkaStatusListener - Received Status text sit Lorem ipsum purus massa Lorem lectus Microservices sed libero libero Fusce purus sending to Kafka Topic twitter-topic
2022-07-06 03:40:26 [pool-3-thread-1] INFO  c.m.d.k.p.s.i.TwitterKafkaProducer - Sending Message {"userId": 2898431115293785461, "id": 7265255354297276196, "text": "sit Lorem ipsum purus massa Lorem lectus Microservices sed libero libero Fusce purus", "createdAt": 1657078826000} to topic: twitter-topic
2022-07-06 03:40:36 [pool-3-thread-1] INFO  c.m.d.t.t.k.s.l.TwitterKafkaStatusListener - Received Status text sit amet malesuada elit magna adipiscing Spring purus Maecenas Maecenas porttitor sending to Kafka Topic twitter-topic
2022-07-06 03:40:36 [pool-3-thread-1] INFO  c.m.d.k.p.s.i.TwitterKafkaProducer - Sending Message {"userId": 3092688381141367027, "id": 5462250850865058259, "text": "sit amet malesuada elit magna adipiscing Spring purus Maecenas Maecenas porttitor", "createdAt": 1657078836000} to topic: twitter-topic
2022-07-06 03:40:46 [pool-3-thread-1] INFO  c.m.d.t.t.k.s.l.TwitterKafkaStatusListener - Received Status text dolor consectetuer amet Spring amet massa sending to Kafka Topic twitter-topic
2022-07-06 03:40:46 [pool-3-thread-1] INFO  c.m.d.k.p.s.i.TwitterKafkaProducer - Sending Message {"userId": 6143875731462141826, "id": 7751923868662574424, "text": "dolor consectetuer amet Spring amet massa", "createdAt": 1657078846000} to topic: twitter-topic
2022-07-06 03:40:56 [pool-3-thread-1] INFO  c.m.d.t.t.k.s.l.TwitterKafkaStatusListener - Received Status text Maecenas posuere adipiscing massa porttitor Microservices libero purus adipiscing massa sending to Kafka Topic twitter-topic
2022-07-06 03:40:56 [pool-3-thread-1] INFO  c.m.d.k.p.s.i.TwitterKafkaProducer - Sending Message {"userId": 6402289231864026395, "id": 7909403668161107874, "text": "Maecenas posuere adipiscing massa porttitor Microservices libero purus adipiscing massa", "createdAt": 1657078856000} to topic: twitter-topic
2022-07-06 03:41:06 [pool-3-thread-1] INFO  c.m.d.t.t.k.s.l.TwitterKafkaStatusListener - Received Status text malesuada consectetuer lectus Lorem sed consectetuer porttitor sed Java posuere sed porttitor libero Fusce amet lectus sending to Kafka Topic twitter-topic
2022-07-06 03:41:06 [pool-3-thread-1] INFO  c.m.d.k.p.s.i.TwitterKafkaProducer - Sending Message {"userId": 6002963127062573139, "id": 1407410423048118797, "text": "malesuada consectetuer lectus Lorem sed consectetuer porttitor sed Java posuere sed porttitor libero Fusce amet lectus", "createdAt": 1657078866000} to topic: twitter-topic
2022-07-06 03:53:31 [main] INFO  c.m.d.t.t.k.s.TwitterToKafkaServiceApplication - Starting TwitterToKafkaServiceApplication v0.0.1-SNAPSHOT using Java 17.0.3.1 on 9882b2b0bde3 with PID 438 (/workspace/BOOT-INF/classes started by root in /workspace)
2022-07-06 03:53:31 [main] INFO  c.m.d.t.t.k.s.TwitterToKafkaServiceApplication - The following 1 profile is active: "twitter_to_kafka"
2022-07-06 03:53:32 [main] INFO  o.s.c.c.c.ConfigServerConfigDataLoader - Fetching config from server at : http://config-server:8888
2022-07-06 03:53:32 [main] INFO  o.s.c.c.c.ConfigServerConfigDataLoader - Located environment: name=twitter-to-kafka-service,config-client, profiles=[twitter_to_kafka], label=null, version=b90c57b86355e9bbab7def0b64d94f7b64206b2d, state=null
2022-07-06 03:53:32 [main] INFO  o.s.c.c.c.ConfigServerConfigDataLoader - Fetching config from server at : http://config-server:8888
2022-07-06 03:53:32 [main] INFO  o.s.c.c.c.ConfigServerConfigDataLoader - Located environment: name=twitter-to-kafka-service,config-client, profiles=[twitter_to_kafka], label=null, version=b90c57b86355e9bbab7def0b64d94f7b64206b2d, state=null
2022-07-06 03:53:33 [main] INFO  o.s.cloud.context.scope.GenericScope - BeanFactory id=847877db-51e1-386e-9c9c-37bb06bd30e7
2022-07-06 03:53:34 [main] INFO  o.a.k.c.admin.AdminClientConfig - AdminClientConfig values: 
	bootstrap.servers = [kafka-broker-1:9092, kafka-broker-2:9092, kafka-broker-3:9092]
	client.dns.lookup = use_all_dns_ips
	client.id = 
	connections.max.idle.ms = 300000
	default.api.timeout.ms = 60000
	metadata.max.age.ms = 300000
	metric.reporters = []
	metrics.num.samples = 2
	metrics.recording.level = INFO
	metrics.sample.window.ms = 30000
	receive.buffer.bytes = 65536
	reconnect.backoff.max.ms = 1000
	reconnect.backoff.ms = 50
	request.timeout.ms = 30000
	retries = 2147483647
	retry.backoff.ms = 100
	sasl.client.callback.handler.class = null
	sasl.jaas.config = null
	sasl.kerberos.kinit.cmd = /usr/bin/kinit
	sasl.kerberos.min.time.before.relogin = 60000
	sasl.kerberos.service.name = null
	sasl.kerberos.ticket.renew.jitter = 0.05
	sasl.kerberos.ticket.renew.window.factor = 0.8
	sasl.login.callback.handler.class = null
	sasl.login.class = null
	sasl.login.connect.timeout.ms = null
	sasl.login.read.timeout.ms = null
	sasl.login.refresh.buffer.seconds = 300
	sasl.login.refresh.min.period.seconds = 60
	sasl.login.refresh.window.factor = 0.8
	sasl.login.refresh.window.jitter = 0.05
	sasl.login.retry.backoff.max.ms = 10000
	sasl.login.retry.backoff.ms = 100
	sasl.mechanism = GSSAPI
	sasl.oauthbearer.clock.skew.seconds = 30
	sasl.oauthbearer.expected.audience = null
	sasl.oauthbearer.expected.issuer = null
	sasl.oauthbearer.jwks.endpoint.refresh.ms = 3600000
	sasl.oauthbearer.jwks.endpoint.retry.backoff.max.ms = 10000
	sasl.oauthbearer.jwks.endpoint.retry.backoff.ms = 100
	sasl.oauthbearer.jwks.endpoint.url = null
	sasl.oauthbearer.scope.claim.name = scope
	sasl.oauthbearer.sub.claim.name = sub
	sasl.oauthbearer.token.endpoint.url = null
	security.protocol = PLAINTEXT
	security.providers = null
	send.buffer.bytes = 131072
	socket.connection.setup.timeout.max.ms = 30000
	socket.connection.setup.timeout.ms = 10000
	ssl.cipher.suites = null
	ssl.enabled.protocols = [TLSv1.2, TLSv1.3]
	ssl.endpoint.identification.algorithm = https
	ssl.engine.factory.class = null
	ssl.key.password = null
	ssl.keymanager.algorithm = SunX509
	ssl.keystore.certificate.chain = null
	ssl.keystore.key = null
	ssl.keystore.location = null
	ssl.keystore.password = null
	ssl.keystore.type = JKS
	ssl.protocol = TLSv1.3
	ssl.provider = null
	ssl.secure.random.implementation = null
	ssl.trustmanager.algorithm = PKIX
	ssl.truststore.certificates = null
	ssl.truststore.location = null
	ssl.truststore.password = null
	ssl.truststore.type = JKS

2022-07-06 03:53:34 [main] INFO  o.a.kafka.common.utils.AppInfoParser - Kafka version: 3.1.1
2022-07-06 03:53:34 [main] INFO  o.a.kafka.common.utils.AppInfoParser - Kafka commitId: 97671528ba54a138
2022-07-06 03:53:34 [main] INFO  o.a.kafka.common.utils.AppInfoParser - Kafka startTimeMs: 1657079614827
2022-07-06 03:53:35 [main] INFO  o.s.b.a.s.r.ReactiveUserDetailsServiceAutoConfiguration - 

Using generated security password: 176ab48a-7bce-4da6-b23d-2f2222bd52eb

2022-07-06 03:53:36 [main] INFO  o.s.b.w.e.netty.NettyWebServer - Netty started on port 8080
2022-07-06 03:53:36 [main] INFO  c.m.d.t.t.k.s.TwitterToKafkaServiceApplication - Started TwitterToKafkaServiceApplication in 9.797 seconds (JVM running for 12.107)
2022-07-06 03:53:36 [main] INFO  c.m.d.t.t.k.s.TwitterToKafkaServiceApplication - App starts...
2022-07-06 03:53:36 [main] INFO  c.m.d.k.a.client.KafkaAdminClient - Creating 1 topic(s), attempt 0
2022-07-06 03:53:36 [main] INFO  c.m.d.k.a.client.KafkaAdminClient - Reading kafka topic [twitter-topic], attempt 0
2022-07-06 03:53:37 [main] INFO  c.m.d.t.t.k.s.i.i.KafkaStreamInitializer - Topic with Name twitter-topic is ready for operation!
2022-07-06 03:53:37 [main] INFO  c.m.d.t.t.k.s.r.i.MockKafkaStreamRunner - Starting mock filtering twitter streams for keywords [Java, Microservices, Kafka, Elasticsearch, Spring]
2022-07-06 03:53:37 [pool-3-thread-1] INFO  c.m.d.t.t.k.s.l.TwitterKafkaStatusListener - Received Status text porttitor adipiscing Fusce porttitor congue posuere Elasticsearch malesuada Maecenas consectetuer amet sending to Kafka Topic twitter-topic
2022-07-06 03:53:37 [pool-3-thread-1] INFO  c.m.d.k.p.s.i.TwitterKafkaProducer - Sending Message {"userId": 6830518836147558037, "id": 5634909513029292943, "text": "porttitor adipiscing Fusce porttitor congue posuere Elasticsearch malesuada Maecenas consectetuer amet", "createdAt": 1657079617000} to topic: twitter-topic
2022-07-06 03:53:37 [pool-3-thread-1] INFO  o.a.k.c.producer.ProducerConfig - ProducerConfig values: 
	acks = -1
	batch.size = 1638400
	bootstrap.servers = [kafka-broker-1:9092, kafka-broker-2:9092, kafka-broker-3:9092]
	buffer.memory = 33554432
	client.dns.lookup = use_all_dns_ips
	client.id = producer-1
	compression.type = snappy
	connections.max.idle.ms = 540000
	delivery.timeout.ms = 120000
	enable.idempotence = true
	interceptor.classes = []
	key.serializer = class org.apache.kafka.common.serialization.LongSerializer
	linger.ms = 5
	max.block.ms = 60000
	max.in.flight.requests.per.connection = 5
	max.request.size = 1048576
	metadata.max.age.ms = 300000
	metadata.max.idle.ms = 300000
	metric.reporters = []
	metrics.num.samples = 2
	metrics.recording.level = INFO
	metrics.sample.window.ms = 30000
	partitioner.class = class org.apache.kafka.clients.producer.internals.DefaultPartitioner
	receive.buffer.bytes = 32768
	reconnect.backoff.max.ms = 1000
	reconnect.backoff.ms = 50
	request.timeout.ms = 60000
	retries = 5
	retry.backoff.ms = 100
	sasl.client.callback.handler.class = null
	sasl.jaas.config = null
	sasl.kerberos.kinit.cmd = /usr/bin/kinit
	sasl.kerberos.min.time.before.relogin = 60000
	sasl.kerberos.service.name = null
	sasl.kerberos.ticket.renew.jitter = 0.05
	sasl.kerberos.ticket.renew.window.factor = 0.8
	sasl.login.callback.handler.class = null
	sasl.login.class = null
	sasl.login.connect.timeout.ms = null
	sasl.login.read.timeout.ms = null
	sasl.login.refresh.buffer.seconds = 300
	sasl.login.refresh.min.period.seconds = 60
	sasl.login.refresh.window.factor = 0.8
	sasl.login.refresh.window.jitter = 0.05
	sasl.login.retry.backoff.max.ms = 10000
	sasl.login.retry.backoff.ms = 100
	sasl.mechanism = GSSAPI
	sasl.oauthbearer.clock.skew.seconds = 30
	sasl.oauthbearer.expected.audience = null
	sasl.oauthbearer.expected.issuer = null
	sasl.oauthbearer.jwks.endpoint.refresh.ms = 3600000
	sasl.oauthbearer.jwks.endpoint.retry.backoff.max.ms = 10000
	sasl.oauthbearer.jwks.endpoint.retry.backoff.ms = 100
	sasl.oauthbearer.jwks.endpoint.url = null
	sasl.oauthbearer.scope.claim.name = scope
	sasl.oauthbearer.sub.claim.name = sub
	sasl.oauthbearer.token.endpoint.url = null
	security.protocol = PLAINTEXT
	security.providers = null
	send.buffer.bytes = 131072
	socket.connection.setup.timeout.max.ms = 30000
	socket.connection.setup.timeout.ms = 10000
	ssl.cipher.suites = null
	ssl.enabled.protocols = [TLSv1.2, TLSv1.3]
	ssl.endpoint.identification.algorithm = https
	ssl.engine.factory.class = null
	ssl.key.password = null
	ssl.keymanager.algorithm = SunX509
	ssl.keystore.certificate.chain = null
	ssl.keystore.key = null
	ssl.keystore.location = null
	ssl.keystore.password = null
	ssl.keystore.type = JKS
	ssl.protocol = TLSv1.3
	ssl.provider = null
	ssl.secure.random.implementation = null
	ssl.trustmanager.algorithm = PKIX
	ssl.truststore.certificates = null
	ssl.truststore.location = null
	ssl.truststore.password = null
	ssl.truststore.type = JKS
	transaction.timeout.ms = 60000
	transactional.id = null
	value.serializer = class io.confluent.kafka.serializers.KafkaAvroSerializer

2022-07-06 03:53:37 [pool-3-thread-1] INFO  i.c.k.s.KafkaAvroSerializerConfig - KafkaAvroSerializerConfig values: 
	bearer.auth.token = [hidden]
	proxy.port = -1
	schema.reflection = false
	auto.register.schemas = true
	max.schemas.per.subject = 1000
	basic.auth.credentials.source = URL
	value.subject.name.strategy = class io.confluent.kafka.serializers.subject.TopicNameStrategy
	schema.registry.url = [http://schema-registry:8081]
	basic.auth.user.info = [hidden]
	proxy.host = 
	use.latest.version = false
	schema.registry.basic.auth.user.info = [hidden]
	bearer.auth.credentials.source = STATIC_TOKEN
	key.subject.name.strategy = class io.confluent.kafka.serializers.subject.TopicNameStrategy

2022-07-06 03:53:37 [pool-3-thread-1] INFO  o.a.k.clients.producer.KafkaProducer - [Producer clientId=producer-1] Instantiated an idempotent producer.
2022-07-06 03:53:37 [pool-3-thread-1] INFO  o.a.kafka.common.utils.AppInfoParser - Kafka version: 3.1.1
2022-07-06 03:53:37 [pool-3-thread-1] INFO  o.a.kafka.common.utils.AppInfoParser - Kafka commitId: 97671528ba54a138
2022-07-06 03:53:37 [pool-3-thread-1] INFO  o.a.kafka.common.utils.AppInfoParser - Kafka startTimeMs: 1657079617923
2022-07-06 03:53:37 [kafka-producer-network-thread | producer-1] INFO  org.apache.kafka.clients.Metadata - [Producer clientId=producer-1] Cluster ID: DzUyXvcAR4uMQ5zL6iOjjA
2022-07-06 03:53:37 [kafka-producer-network-thread | producer-1] INFO  o.a.k.c.p.i.TransactionManager - [Producer clientId=producer-1] ProducerId set to 2000 with epoch 0
2022-07-06 03:53:48 [pool-3-thread-1] INFO  c.m.d.t.t.k.s.l.TwitterKafkaStatusListener - Received Status text magna consectetuer sed Maecenas porttitor Kafka ipsum adipiscing congue sit sending to Kafka Topic twitter-topic
2022-07-06 03:53:48 [pool-3-thread-1] INFO  c.m.d.k.p.s.i.TwitterKafkaProducer - Sending Message {"userId": 1254504575430232100, "id": 6610987613302450249, "text": "magna consectetuer sed Maecenas porttitor Kafka ipsum adipiscing congue sit", "createdAt": 1657079628000} to topic: twitter-topic
2022-07-06 03:53:58 [pool-3-thread-1] INFO  c.m.d.t.t.k.s.l.TwitterKafkaStatusListener - Received Status text purus ultricies Lorem Maecenas Elasticsearch Fusce purus sending to Kafka Topic twitter-topic
2022-07-06 03:53:58 [pool-3-thread-1] INFO  c.m.d.k.p.s.i.TwitterKafkaProducer - Sending Message {"userId": 4417000340870695581, "id": 3600092531734091776, "text": "purus ultricies Lorem Maecenas Elasticsearch Fusce purus", "createdAt": 1657079638000} to topic: twitter-topic
2022-07-06 03:54:08 [pool-3-thread-1] INFO  c.m.d.t.t.k.s.l.TwitterKafkaStatusListener - Received Status text posuere magna consectetuer malesuada adipiscing Elasticsearch ultricies malesuada elit sending to Kafka Topic twitter-topic
2022-07-06 03:54:08 [pool-3-thread-1] INFO  c.m.d.k.p.s.i.TwitterKafkaProducer - Sending Message {"userId": 3301098800418516595, "id": 3693421605947808152, "text": "posuere magna consectetuer malesuada adipiscing Elasticsearch ultricies malesuada elit", "createdAt": 1657079648000} to topic: twitter-topic
2022-07-06 03:54:18 [pool-3-thread-1] INFO  c.m.d.t.t.k.s.l.TwitterKafkaStatusListener - Received Status text malesuada purus sed lectus posuere Fusce Elasticsearch Maecenas Fusce massa libero purus sending to Kafka Topic twitter-topic
2022-07-06 03:54:18 [pool-3-thread-1] INFO  c.m.d.k.p.s.i.TwitterKafkaProducer - Sending Message {"userId": 1294496696753018345, "id": 2845123483027343041, "text": "malesuada purus sed lectus posuere Fusce Elasticsearch Maecenas Fusce massa libero purus", "createdAt": 1657079658000} to topic: twitter-topic
2022-07-06 03:54:28 [pool-3-thread-1] INFO  c.m.d.t.t.k.s.l.TwitterKafkaStatusListener - Received Status text amet elit Fusce consectetuer Microservices consectetuer malesuada porttitor sending to Kafka Topic twitter-topic
2022-07-06 03:54:28 [pool-3-thread-1] INFO  c.m.d.k.p.s.i.TwitterKafkaProducer - Sending Message {"userId": 7335948660044903720, "id": 2754154141490650839, "text": "amet elit Fusce consectetuer Microservices consectetuer malesuada porttitor", "createdAt": 1657079668000} to topic: twitter-topic
2022-07-06 03:54:38 [pool-3-thread-1] INFO  c.m.d.t.t.k.s.l.TwitterKafkaStatusListener - Received Status text malesuada massa sed consectetuer Elasticsearch Fusce congue sending to Kafka Topic twitter-topic
2022-07-06 03:54:38 [pool-3-thread-1] INFO  c.m.d.k.p.s.i.TwitterKafkaProducer - Sending Message {"userId": 183068985331340356, "id": 2464886456679096577, "text": "malesuada massa sed consectetuer Elasticsearch Fusce congue", "createdAt": 1657079678000} to topic: twitter-topic
2022-07-06 03:54:48 [pool-3-thread-1] INFO  c.m.d.t.t.k.s.l.TwitterKafkaStatusListener - Received Status text pulvinar Lorem Maecenas malesuada lectus libero malesuada Spring libero massa sit dolor sed porttitor sending to Kafka Topic twitter-topic
2022-07-06 03:54:48 [pool-3-thread-1] INFO  c.m.d.k.p.s.i.TwitterKafkaProducer - Sending Message {"userId": 5076859507967251630, "id": 1721634336566308540, "text": "pulvinar Lorem Maecenas malesuada lectus libero malesuada Spring libero massa sit dolor sed porttitor", "createdAt": 1657079688000} to topic: twitter-topic
2022-07-06 03:54:58 [pool-3-thread-1] INFO  c.m.d.t.t.k.s.l.TwitterKafkaStatusListener - Received Status text purus Lorem dolor congue libero Java ultricies pulvinar purus sending to Kafka Topic twitter-topic
2022-07-06 03:54:58 [pool-3-thread-1] INFO  c.m.d.k.p.s.i.TwitterKafkaProducer - Sending Message {"userId": 402381174366200897, "id": 65023744578914808, "text": "purus Lorem dolor congue libero Java ultricies pulvinar purus", "createdAt": 1657079698000} to topic: twitter-topic
2022-07-06 03:55:08 [pool-3-thread-1] INFO  c.m.d.t.t.k.s.l.TwitterKafkaStatusListener - Received Status text lectus lectus dolor Microservices lectus adipiscing sending to Kafka Topic twitter-topic
2022-07-06 03:55:08 [pool-3-thread-1] INFO  c.m.d.k.p.s.i.TwitterKafkaProducer - Sending Message {"userId": 8065904933540242678, "id": 6207530068866569199, "text": "lectus lectus dolor Microservices lectus adipiscing", "createdAt": 1657079708000} to topic: twitter-topic
2022-07-06 03:55:18 [pool-3-thread-1] INFO  c.m.d.t.t.k.s.l.TwitterKafkaStatusListener - Received Status text Maecenas adipiscing libero dolor libero sit Elasticsearch dolor magna elit porttitor sending to Kafka Topic twitter-topic
2022-07-06 03:55:18 [pool-3-thread-1] INFO  c.m.d.k.p.s.i.TwitterKafkaProducer - Sending Message {"userId": 7970707583195378249, "id": 6898266014409533638, "text": "Maecenas adipiscing libero dolor libero sit Elasticsearch dolor magna elit porttitor", "createdAt": 1657079718000} to topic: twitter-topic
2022-07-06 03:55:28 [pool-3-thread-1] INFO  c.m.d.t.t.k.s.l.TwitterKafkaStatusListener - Received Status text massa libero amet sed massa posuere adipiscing Spring posuere Maecenas porttitor lectus pulvinar sending to Kafka Topic twitter-topic
2022-07-06 03:55:28 [pool-3-thread-1] INFO  c.m.d.k.p.s.i.TwitterKafkaProducer - Sending Message {"userId": 3923694994045646540, "id": 8637970421118964271, "text": "massa libero amet sed massa posuere adipiscing Spring posuere Maecenas porttitor lectus pulvinar", "createdAt": 1657079728000} to topic: twitter-topic
2022-07-06 03:55:38 [pool-3-thread-1] INFO  c.m.d.t.t.k.s.l.TwitterKafkaStatusListener - Received Status text ipsum amet malesuada magna magna Kafka amet pulvinar consectetuer sending to Kafka Topic twitter-topic
2022-07-06 03:55:38 [pool-3-thread-1] INFO  c.m.d.k.p.s.i.TwitterKafkaProducer - Sending Message {"userId": 608939957421635050, "id": 4067242375654201566, "text": "ipsum amet malesuada magna magna Kafka amet pulvinar consectetuer", "createdAt": 1657079738000} to topic: twitter-topic
2022-07-06 04:09:45 [main] INFO  c.m.d.t.t.k.s.TwitterToKafkaServiceApplication - Starting TwitterToKafkaServiceApplication v0.0.1-SNAPSHOT using Java 17.0.3.1 on e979e4db3f36 with PID 439 (/workspace/BOOT-INF/classes started by root in /workspace)
2022-07-06 04:09:45 [main] INFO  c.m.d.t.t.k.s.TwitterToKafkaServiceApplication - The following 1 profile is active: "twitter_to_kafka"
2022-07-06 04:09:45 [main] INFO  o.s.c.c.c.ConfigServerConfigDataLoader - Fetching config from server at : http://config-server:8888
2022-07-06 04:09:45 [main] INFO  o.s.c.c.c.ConfigServerConfigDataLoader - Located environment: name=twitter-to-kafka-service,config-client, profiles=[twitter_to_kafka], label=null, version=b90c57b86355e9bbab7def0b64d94f7b64206b2d, state=null
2022-07-06 04:09:45 [main] INFO  o.s.c.c.c.ConfigServerConfigDataLoader - Fetching config from server at : http://config-server:8888
2022-07-06 04:09:45 [main] INFO  o.s.c.c.c.ConfigServerConfigDataLoader - Located environment: name=twitter-to-kafka-service,config-client, profiles=[twitter_to_kafka], label=null, version=b90c57b86355e9bbab7def0b64d94f7b64206b2d, state=null
2022-07-06 04:09:46 [main] INFO  o.s.cloud.context.scope.GenericScope - BeanFactory id=847877db-51e1-386e-9c9c-37bb06bd30e7
2022-07-06 04:09:47 [main] INFO  o.a.k.c.admin.AdminClientConfig - AdminClientConfig values: 
	bootstrap.servers = [kafka-broker-1:9092, kafka-broker-2:9092, kafka-broker-3:9092]
	client.dns.lookup = use_all_dns_ips
	client.id = 
	connections.max.idle.ms = 300000
	default.api.timeout.ms = 60000
	metadata.max.age.ms = 300000
	metric.reporters = []
	metrics.num.samples = 2
	metrics.recording.level = INFO
	metrics.sample.window.ms = 30000
	receive.buffer.bytes = 65536
	reconnect.backoff.max.ms = 1000
	reconnect.backoff.ms = 50
	request.timeout.ms = 30000
	retries = 2147483647
	retry.backoff.ms = 100
	sasl.client.callback.handler.class = null
	sasl.jaas.config = null
	sasl.kerberos.kinit.cmd = /usr/bin/kinit
	sasl.kerberos.min.time.before.relogin = 60000
	sasl.kerberos.service.name = null
	sasl.kerberos.ticket.renew.jitter = 0.05
	sasl.kerberos.ticket.renew.window.factor = 0.8
	sasl.login.callback.handler.class = null
	sasl.login.class = null
	sasl.login.connect.timeout.ms = null
	sasl.login.read.timeout.ms = null
	sasl.login.refresh.buffer.seconds = 300
	sasl.login.refresh.min.period.seconds = 60
	sasl.login.refresh.window.factor = 0.8
	sasl.login.refresh.window.jitter = 0.05
	sasl.login.retry.backoff.max.ms = 10000
	sasl.login.retry.backoff.ms = 100
	sasl.mechanism = GSSAPI
	sasl.oauthbearer.clock.skew.seconds = 30
	sasl.oauthbearer.expected.audience = null
	sasl.oauthbearer.expected.issuer = null
	sasl.oauthbearer.jwks.endpoint.refresh.ms = 3600000
	sasl.oauthbearer.jwks.endpoint.retry.backoff.max.ms = 10000
	sasl.oauthbearer.jwks.endpoint.retry.backoff.ms = 100
	sasl.oauthbearer.jwks.endpoint.url = null
	sasl.oauthbearer.scope.claim.name = scope
	sasl.oauthbearer.sub.claim.name = sub
	sasl.oauthbearer.token.endpoint.url = null
	security.protocol = PLAINTEXT
	security.providers = null
	send.buffer.bytes = 131072
	socket.connection.setup.timeout.max.ms = 30000
	socket.connection.setup.timeout.ms = 10000
	ssl.cipher.suites = null
	ssl.enabled.protocols = [TLSv1.2, TLSv1.3]
	ssl.endpoint.identification.algorithm = https
	ssl.engine.factory.class = null
	ssl.key.password = null
	ssl.keymanager.algorithm = SunX509
	ssl.keystore.certificate.chain = null
	ssl.keystore.key = null
	ssl.keystore.location = null
	ssl.keystore.password = null
	ssl.keystore.type = JKS
	ssl.protocol = TLSv1.3
	ssl.provider = null
	ssl.secure.random.implementation = null
	ssl.trustmanager.algorithm = PKIX
	ssl.truststore.certificates = null
	ssl.truststore.location = null
	ssl.truststore.password = null
	ssl.truststore.type = JKS

2022-07-06 04:09:47 [main] INFO  o.a.kafka.common.utils.AppInfoParser - Kafka version: 3.1.1
2022-07-06 04:09:47 [main] INFO  o.a.kafka.common.utils.AppInfoParser - Kafka commitId: 97671528ba54a138
2022-07-06 04:09:47 [main] INFO  o.a.kafka.common.utils.AppInfoParser - Kafka startTimeMs: 1657080587570
2022-07-06 04:09:48 [main] INFO  o.s.b.a.s.r.ReactiveUserDetailsServiceAutoConfiguration - 

Using generated security password: 876c858e-5a8d-4561-a42b-ea7d5328bab1

2022-07-06 04:09:48 [main] INFO  o.s.b.w.e.netty.NettyWebServer - Netty started on port 8080
2022-07-06 04:09:48 [main] INFO  c.m.d.t.t.k.s.TwitterToKafkaServiceApplication - Started TwitterToKafkaServiceApplication in 6.439 seconds (JVM running for 7.274)
2022-07-06 04:09:48 [main] INFO  c.m.d.t.t.k.s.TwitterToKafkaServiceApplication - App starts...
2022-07-06 04:09:48 [main] INFO  c.m.d.k.a.client.KafkaAdminClient - Creating 1 topic(s), attempt 0
2022-07-06 04:09:48 [main] INFO  c.m.d.k.a.client.KafkaAdminClient - Reading kafka topic [twitter-topic], attempt 0
2022-07-06 04:09:49 [main] INFO  c.m.d.t.t.k.s.i.i.KafkaStreamInitializer - Topic with Name twitter-topic is ready for operation!
2022-07-06 04:09:49 [main] INFO  c.m.d.t.t.k.s.r.i.MockKafkaStreamRunner - Starting mock filtering twitter streams for keywords [Java, Microservices, Kafka, Elasticsearch, Spring]
2022-07-06 04:09:49 [pool-3-thread-1] INFO  c.m.d.t.t.k.s.l.TwitterKafkaStatusListener - Received Status text congue sed sit elit lectus ultricies congue Elasticsearch dolor Fusce malesuada consectetuer malesuada sending to Kafka Topic twitter-topic
2022-07-06 04:09:49 [pool-3-thread-1] INFO  c.m.d.k.p.s.i.TwitterKafkaProducer - Sending Message {"userId": 7734755565158985528, "id": 5645211523470508474, "text": "congue sed sit elit lectus ultricies congue Elasticsearch dolor Fusce malesuada consectetuer malesuada", "createdAt": 1657080589000} to topic: twitter-topic
2022-07-06 04:09:49 [pool-3-thread-1] INFO  o.a.k.c.producer.ProducerConfig - ProducerConfig values: 
	acks = -1
	batch.size = 1638400
	bootstrap.servers = [kafka-broker-1:9092, kafka-broker-2:9092, kafka-broker-3:9092]
	buffer.memory = 33554432
	client.dns.lookup = use_all_dns_ips
	client.id = producer-1
	compression.type = snappy
	connections.max.idle.ms = 540000
	delivery.timeout.ms = 120000
	enable.idempotence = true
	interceptor.classes = []
	key.serializer = class org.apache.kafka.common.serialization.LongSerializer
	linger.ms = 5
	max.block.ms = 60000
	max.in.flight.requests.per.connection = 5
	max.request.size = 1048576
	metadata.max.age.ms = 300000
	metadata.max.idle.ms = 300000
	metric.reporters = []
	metrics.num.samples = 2
	metrics.recording.level = INFO
	metrics.sample.window.ms = 30000
	partitioner.class = class org.apache.kafka.clients.producer.internals.DefaultPartitioner
	receive.buffer.bytes = 32768
	reconnect.backoff.max.ms = 1000
	reconnect.backoff.ms = 50
	request.timeout.ms = 60000
	retries = 5
	retry.backoff.ms = 100
	sasl.client.callback.handler.class = null
	sasl.jaas.config = null
	sasl.kerberos.kinit.cmd = /usr/bin/kinit
	sasl.kerberos.min.time.before.relogin = 60000
	sasl.kerberos.service.name = null
	sasl.kerberos.ticket.renew.jitter = 0.05
	sasl.kerberos.ticket.renew.window.factor = 0.8
	sasl.login.callback.handler.class = null
	sasl.login.class = null
	sasl.login.connect.timeout.ms = null
	sasl.login.read.timeout.ms = null
	sasl.login.refresh.buffer.seconds = 300
	sasl.login.refresh.min.period.seconds = 60
	sasl.login.refresh.window.factor = 0.8
	sasl.login.refresh.window.jitter = 0.05
	sasl.login.retry.backoff.max.ms = 10000
	sasl.login.retry.backoff.ms = 100
	sasl.mechanism = GSSAPI
	sasl.oauthbearer.clock.skew.seconds = 30
	sasl.oauthbearer.expected.audience = null
	sasl.oauthbearer.expected.issuer = null
	sasl.oauthbearer.jwks.endpoint.refresh.ms = 3600000
	sasl.oauthbearer.jwks.endpoint.retry.backoff.max.ms = 10000
	sasl.oauthbearer.jwks.endpoint.retry.backoff.ms = 100
	sasl.oauthbearer.jwks.endpoint.url = null
	sasl.oauthbearer.scope.claim.name = scope
	sasl.oauthbearer.sub.claim.name = sub
	sasl.oauthbearer.token.endpoint.url = null
	security.protocol = PLAINTEXT
	security.providers = null
	send.buffer.bytes = 131072
	socket.connection.setup.timeout.max.ms = 30000
	socket.connection.setup.timeout.ms = 10000
	ssl.cipher.suites = null
	ssl.enabled.protocols = [TLSv1.2, TLSv1.3]
	ssl.endpoint.identification.algorithm = https
	ssl.engine.factory.class = null
	ssl.key.password = null
	ssl.keymanager.algorithm = SunX509
	ssl.keystore.certificate.chain = null
	ssl.keystore.key = null
	ssl.keystore.location = null
	ssl.keystore.password = null
	ssl.keystore.type = JKS
	ssl.protocol = TLSv1.3
	ssl.provider = null
	ssl.secure.random.implementation = null
	ssl.trustmanager.algorithm = PKIX
	ssl.truststore.certificates = null
	ssl.truststore.location = null
	ssl.truststore.password = null
	ssl.truststore.type = JKS
	transaction.timeout.ms = 60000
	transactional.id = null
	value.serializer = class io.confluent.kafka.serializers.KafkaAvroSerializer

2022-07-06 04:09:49 [pool-3-thread-1] INFO  i.c.k.s.KafkaAvroSerializerConfig - KafkaAvroSerializerConfig values: 
	bearer.auth.token = [hidden]
	proxy.port = -1
	schema.reflection = false
	auto.register.schemas = true
	max.schemas.per.subject = 1000
	basic.auth.credentials.source = URL
	value.subject.name.strategy = class io.confluent.kafka.serializers.subject.TopicNameStrategy
	schema.registry.url = [http://schema-registry:8081]
	basic.auth.user.info = [hidden]
	proxy.host = 
	use.latest.version = false
	schema.registry.basic.auth.user.info = [hidden]
	bearer.auth.credentials.source = STATIC_TOKEN
	key.subject.name.strategy = class io.confluent.kafka.serializers.subject.TopicNameStrategy

2022-07-06 04:09:49 [pool-3-thread-1] INFO  o.a.k.clients.producer.KafkaProducer - [Producer clientId=producer-1] Instantiated an idempotent producer.
2022-07-06 04:09:49 [pool-3-thread-1] INFO  o.a.kafka.common.utils.AppInfoParser - Kafka version: 3.1.1
2022-07-06 04:09:49 [pool-3-thread-1] INFO  o.a.kafka.common.utils.AppInfoParser - Kafka commitId: 97671528ba54a138
2022-07-06 04:09:49 [pool-3-thread-1] INFO  o.a.kafka.common.utils.AppInfoParser - Kafka startTimeMs: 1657080589568
2022-07-06 04:09:49 [kafka-producer-network-thread | producer-1] INFO  org.apache.kafka.clients.Metadata - [Producer clientId=producer-1] Cluster ID: OW3ftnZvSSKxoKoEAP6pbQ
2022-07-06 04:09:49 [kafka-producer-network-thread | producer-1] INFO  o.a.k.c.p.i.TransactionManager - [Producer clientId=producer-1] ProducerId set to 0 with epoch 0
2022-07-06 04:09:59 [pool-3-thread-1] INFO  c.m.d.t.t.k.s.l.TwitterKafkaStatusListener - Received Status text massa consectetuer Maecenas consectetuer elit ipsum Spring libero sit ipsum Lorem Maecenas sending to Kafka Topic twitter-topic
2022-07-06 04:09:59 [pool-3-thread-1] INFO  c.m.d.k.p.s.i.TwitterKafkaProducer - Sending Message {"userId": 8681607026478029336, "id": 4935139632182978579, "text": "massa consectetuer Maecenas consectetuer elit ipsum Spring libero sit ipsum Lorem Maecenas", "createdAt": 1657080599000} to topic: twitter-topic
2022-07-06 04:10:09 [pool-3-thread-1] INFO  c.m.d.t.t.k.s.l.TwitterKafkaStatusListener - Received Status text consectetuer massa ultricies ipsum sed sed amet libero Java sed adipiscing lectus lectus dolor sed amet sending to Kafka Topic twitter-topic
2022-07-06 04:10:09 [pool-3-thread-1] INFO  c.m.d.k.p.s.i.TwitterKafkaProducer - Sending Message {"userId": 5644170092055042414, "id": 3040972552573198692, "text": "consectetuer massa ultricies ipsum sed sed amet libero Java sed adipiscing lectus lectus dolor sed amet", "createdAt": 1657080609000} to topic: twitter-topic
2022-07-06 04:10:19 [pool-3-thread-1] INFO  c.m.d.t.t.k.s.l.TwitterKafkaStatusListener - Received Status text ultricies Maecenas massa dolor lectus ultricies Microservices sit ultricies ipsum sed sending to Kafka Topic twitter-topic
2022-07-06 04:10:19 [pool-3-thread-1] INFO  c.m.d.k.p.s.i.TwitterKafkaProducer - Sending Message {"userId": 5387135018831526848, "id": 7239085693296541435, "text": "ultricies Maecenas massa dolor lectus ultricies Microservices sit ultricies ipsum sed", "createdAt": 1657080619000} to topic: twitter-topic
2022-07-06 04:10:29 [pool-3-thread-1] INFO  c.m.d.t.t.k.s.l.TwitterKafkaStatusListener - Received Status text purus elit Maecenas purus Spring magna purus sending to Kafka Topic twitter-topic
2022-07-06 04:10:29 [pool-3-thread-1] INFO  c.m.d.k.p.s.i.TwitterKafkaProducer - Sending Message {"userId": 1733294507474039221, "id": 7590656012748350066, "text": "purus elit Maecenas purus Spring magna purus", "createdAt": 1657080629000} to topic: twitter-topic
2022-07-06 04:10:39 [pool-3-thread-1] INFO  c.m.d.t.t.k.s.l.TwitterKafkaStatusListener - Received Status text sit sed ultricies purus massa ipsum Kafka ultricies elit ipsum ultricies purus sending to Kafka Topic twitter-topic
2022-07-06 04:10:39 [pool-3-thread-1] INFO  c.m.d.k.p.s.i.TwitterKafkaProducer - Sending Message {"userId": 2137326301178786227, "id": 2850314646668351264, "text": "sit sed ultricies purus massa ipsum Kafka ultricies elit ipsum ultricies purus", "createdAt": 1657080639000} to topic: twitter-topic
2022-07-06 04:10:49 [pool-3-thread-1] INFO  c.m.d.t.t.k.s.l.TwitterKafkaStatusListener - Received Status text Fusce magna malesuada Elasticsearch pulvinar ipsum sending to Kafka Topic twitter-topic
2022-07-06 04:10:49 [pool-3-thread-1] INFO  c.m.d.k.p.s.i.TwitterKafkaProducer - Sending Message {"userId": 3794034613665773468, "id": 3457862890252100861, "text": "Fusce magna malesuada Elasticsearch pulvinar ipsum", "createdAt": 1657080649000} to topic: twitter-topic
2022-07-06 04:10:59 [pool-3-thread-1] INFO  c.m.d.t.t.k.s.l.TwitterKafkaStatusListener - Received Status text ultricies sit ipsum elit Spring Maecenas purus sending to Kafka Topic twitter-topic
2022-07-06 04:10:59 [pool-3-thread-1] INFO  c.m.d.k.p.s.i.TwitterKafkaProducer - Sending Message {"userId": 1453916769236784638, "id": 2129403400816386436, "text": "ultricies sit ipsum elit Spring Maecenas purus", "createdAt": 1657080659000} to topic: twitter-topic
2022-07-06 04:11:09 [pool-3-thread-1] INFO  c.m.d.t.t.k.s.l.TwitterKafkaStatusListener - Received Status text sit consectetuer Fusce amet libero adipiscing dolor Java sit purus sed congue dolor sending to Kafka Topic twitter-topic
2022-07-06 04:11:09 [pool-3-thread-1] INFO  c.m.d.k.p.s.i.TwitterKafkaProducer - Sending Message {"userId": 5654884865864532348, "id": 1692061574346080737, "text": "sit consectetuer Fusce amet libero adipiscing dolor Java sit purus sed congue dolor", "createdAt": 1657080669000} to topic: twitter-topic
2022-07-06 04:11:19 [pool-3-thread-1] INFO  c.m.d.t.t.k.s.l.TwitterKafkaStatusListener - Received Status text adipiscing porttitor sit Lorem sit Elasticsearch Maecenas magna sed elit sending to Kafka Topic twitter-topic
2022-07-06 04:11:19 [pool-3-thread-1] INFO  c.m.d.k.p.s.i.TwitterKafkaProducer - Sending Message {"userId": 4271656245031031857, "id": 7907087774994239381, "text": "adipiscing porttitor sit Lorem sit Elasticsearch Maecenas magna sed elit", "createdAt": 1657080679000} to topic: twitter-topic
2022-07-06 04:11:29 [pool-3-thread-1] INFO  c.m.d.t.t.k.s.l.TwitterKafkaStatusListener - Received Status text massa pulvinar Fusce Elasticsearch congue amet sending to Kafka Topic twitter-topic
2022-07-06 04:11:29 [pool-3-thread-1] INFO  c.m.d.k.p.s.i.TwitterKafkaProducer - Sending Message {"userId": 9046327895299769208, "id": 8750925400215690911, "text": "massa pulvinar Fusce Elasticsearch congue amet", "createdAt": 1657080689000} to topic: twitter-topic
2022-07-06 04:11:39 [pool-3-thread-1] INFO  c.m.d.t.t.k.s.l.TwitterKafkaStatusListener - Received Status text Fusce massa ipsum malesuada amet posuere Maecenas Lorem Elasticsearch posuere sed adipiscing posuere magna posuere sending to Kafka Topic twitter-topic
2022-07-06 04:11:39 [pool-3-thread-1] INFO  c.m.d.k.p.s.i.TwitterKafkaProducer - Sending Message {"userId": 4148554604057361703, "id": 515004464885480656, "text": "Fusce massa ipsum malesuada amet posuere Maecenas Lorem Elasticsearch posuere sed adipiscing posuere magna posuere", "createdAt": 1657080699000} to topic: twitter-topic
2022-07-06 04:11:49 [pool-3-thread-1] INFO  c.m.d.t.t.k.s.l.TwitterKafkaStatusListener - Received Status text sit malesuada porttitor malesuada sed posuere massa consectetuer Kafka pulvinar Maecenas congue congue libero congue sending to Kafka Topic twitter-topic
2022-07-06 04:11:49 [pool-3-thread-1] INFO  c.m.d.k.p.s.i.TwitterKafkaProducer - Sending Message {"userId": 7618494247081439043, "id": 823248590247198843, "text": "sit malesuada porttitor malesuada sed posuere massa consectetuer Kafka pulvinar Maecenas congue congue libero congue", "createdAt": 1657080709000} to topic: twitter-topic
2022-07-06 04:11:59 [pool-3-thread-1] INFO  c.m.d.t.t.k.s.l.TwitterKafkaStatusListener - Received Status text adipiscing pulvinar libero sed massa adipiscing Elasticsearch sit Maecenas posuere sit sending to Kafka Topic twitter-topic
2022-07-06 04:11:59 [pool-3-thread-1] INFO  c.m.d.k.p.s.i.TwitterKafkaProducer - Sending Message {"userId": 3974250493245877227, "id": 5304037234751311170, "text": "adipiscing pulvinar libero sed massa adipiscing Elasticsearch sit Maecenas posuere sit", "createdAt": 1657080719000} to topic: twitter-topic
2022-07-06 04:12:09 [pool-3-thread-1] INFO  c.m.d.t.t.k.s.l.TwitterKafkaStatusListener - Received Status text massa malesuada massa libero porttitor Maecenas Java consectetuer porttitor adipiscing sit dolor sending to Kafka Topic twitter-topic
2022-07-06 04:12:09 [pool-3-thread-1] INFO  c.m.d.k.p.s.i.TwitterKafkaProducer - Sending Message {"userId": 4307154360346488892, "id": 6528947034725445584, "text": "massa malesuada massa libero porttitor Maecenas Java consectetuer porttitor adipiscing sit dolor", "createdAt": 1657080729000} to topic: twitter-topic
2022-07-06 04:12:19 [pool-3-thread-1] INFO  c.m.d.t.t.k.s.l.TwitterKafkaStatusListener - Received Status text purus sed congue ultricies elit amet Spring ipsum magna consectetuer consectetuer Fusce sending to Kafka Topic twitter-topic
2022-07-06 04:12:19 [pool-3-thread-1] INFO  c.m.d.k.p.s.i.TwitterKafkaProducer - Sending Message {"userId": 2262595228586728209, "id": 4880199480550547488, "text": "purus sed congue ultricies elit amet Spring ipsum magna consectetuer consectetuer Fusce", "createdAt": 1657080739000} to topic: twitter-topic
