2022-07-17 09:36:18 [background-preinit] INFO  o.h.validator.internal.util.Version - HV000001: Hibernate Validator 6.2.3.Final
2022-07-17 09:36:18 [main] INFO  c.m.d.c.s.ConfigServerApplication - Starting ConfigServerApplication using Java 17.0.3.1 on LAPTOP-BM6U357P with PID 19056 (F:\SpringBoot_Learning\Event-DrivenArchitecure\Event-driven-Service\Microservice-Demo\config-server\target\classes started by deepa in F:\SpringBoot_Learning\Event-DrivenArchitecure\Event-driven-Service\Microservice-Demo)
2022-07-17 09:36:18 [main] INFO  c.m.d.c.s.ConfigServerApplication - No active profile set, falling back to 1 default profile: "default"
2022-07-17 09:36:19 [main] INFO  o.s.cloud.context.scope.GenericScope - BeanFactory id=681d503e-965c-3a1c-82e7-2deb492dc159
2022-07-17 09:36:19 [main] INFO  o.s.b.w.e.tomcat.TomcatWebServer - Tomcat initialized with port(s): 8888 (http)
2022-07-17 09:36:19 [main] INFO  o.a.coyote.http11.Http11NioProtocol - Initializing ProtocolHandler ["http-nio-8888"]
2022-07-17 09:36:19 [main] INFO  o.a.catalina.core.StandardService - Starting service [Tomcat]
2022-07-17 09:36:19 [main] INFO  o.a.catalina.core.StandardEngine - Starting Servlet engine: [Apache Tomcat/9.0.64]
2022-07-17 09:36:20 [main] INFO  o.a.c.c.C.[Tomcat].[localhost].[/] - Initializing Spring embedded WebApplicationContext
2022-07-17 09:36:20 [main] INFO  o.s.b.w.s.c.ServletWebServerApplicationContext - Root WebApplicationContext: initialization completed in 1733 ms
2022-07-17 09:36:20 [main] WARN  o.s.s.c.a.web.builders.WebSecurity - You are asking Spring Security to ignore Ant [pattern='/encrypt/**']. This is not recommended -- please use permitAll via HttpSecurity#authorizeHttpRequests instead.
2022-07-17 09:36:20 [main] INFO  o.s.s.web.DefaultSecurityFilterChain - Will not secure Ant [pattern='/encrypt/**']
2022-07-17 09:36:20 [main] WARN  o.s.s.c.a.web.builders.WebSecurity - You are asking Spring Security to ignore Ant [pattern='/actuator/**']. This is not recommended -- please use permitAll via HttpSecurity#authorizeHttpRequests instead.
2022-07-17 09:36:20 [main] INFO  o.s.s.web.DefaultSecurityFilterChain - Will not secure Ant [pattern='/actuator/**']
2022-07-17 09:36:20 [main] WARN  o.s.s.c.a.web.builders.WebSecurity - You are asking Spring Security to ignore Ant [pattern='/decrypt/**']. This is not recommended -- please use permitAll via HttpSecurity#authorizeHttpRequests instead.
2022-07-17 09:36:20 [main] INFO  o.s.s.web.DefaultSecurityFilterChain - Will not secure Ant [pattern='/decrypt/**']
2022-07-17 09:36:20 [main] INFO  o.s.s.web.DefaultSecurityFilterChain - Will secure any request with [org.springframework.security.web.session.DisableEncodeUrlFilter@261de205, org.springframework.security.web.context.request.async.WebAsyncManagerIntegrationFilter@7f3fc42f, org.springframework.security.web.context.SecurityContextPersistenceFilter@310a7859, org.springframework.security.web.header.HeaderWriterFilter@58f31629, org.springframework.security.web.csrf.CsrfFilter@58eac00e, org.springframework.security.web.authentication.logout.LogoutFilter@db99785, org.springframework.security.web.authentication.UsernamePasswordAuthenticationFilter@798deee8, org.springframework.security.web.authentication.ui.DefaultLoginPageGeneratingFilter@2506e949, org.springframework.security.web.authentication.ui.DefaultLogoutPageGeneratingFilter@25a1a012, org.springframework.security.web.authentication.www.BasicAuthenticationFilter@267f9765, org.springframework.security.web.savedrequest.RequestCacheAwareFilter@4971f459, org.springframework.security.web.servletapi.SecurityContextHolderAwareRequestFilter@66ec4409, org.springframework.security.web.authentication.AnonymousAuthenticationFilter@ce12fbb, org.springframework.security.web.session.SessionManagementFilter@415d88de, org.springframework.security.web.access.ExceptionTranslationFilter@1cb9ef52, org.springframework.security.web.access.intercept.FilterSecurityInterceptor@5b251fb9]
2022-07-17 09:36:23 [main] INFO  o.a.coyote.http11.Http11NioProtocol - Starting ProtocolHandler ["http-nio-8888"]
2022-07-17 09:36:24 [main] INFO  o.s.b.w.e.tomcat.TomcatWebServer - Tomcat started on port(s): 8888 (http) with context path ''
2022-07-17 09:36:24 [main] INFO  c.m.d.c.s.ConfigServerApplication - Started ConfigServerApplication in 7.197 seconds (JVM running for 8.096)
2022-07-17 09:41:29 [http-nio-8888-exec-2] INFO  o.a.c.c.C.[Tomcat].[localhost].[/] - Initializing Spring DispatcherServlet 'dispatcherServlet'
2022-07-17 09:41:29 [http-nio-8888-exec-2] INFO  o.s.web.servlet.DispatcherServlet - Initializing Servlet 'dispatcherServlet'
2022-07-17 09:41:29 [http-nio-8888-exec-2] INFO  o.s.web.servlet.DispatcherServlet - Completed initialization in 1 ms
2022-07-17 09:41:30 [http-nio-8888-exec-2] INFO  o.s.c.c.s.e.NativeEnvironmentRepository - Adding property source: Config resource 'file [C:\Users\deepa\AppData\Local\Temp\config-repo-10256789650301178931\config-client-elastic_query.yml]' via location 'file:/C:/Users/deepa/AppData/Local/Temp/config-repo-10256789650301178931/'
2022-07-17 09:41:30 [http-nio-8888-exec-2] INFO  o.s.c.c.s.e.NativeEnvironmentRepository - Adding property source: Config resource 'file [C:\Users\deepa\AppData\Local\Temp\config-repo-10256789650301178931\config-client.yml]' via location 'file:/C:/Users/deepa/AppData/Local/Temp/config-repo-10256789650301178931/'
2022-07-17 09:44:19 [http-nio-8888-exec-3] INFO  o.s.c.c.s.e.NativeEnvironmentRepository - Adding property source: Config resource 'file [C:\Users\deepa\AppData\Local\Temp\config-repo-10256789650301178931\config-client-elastic_query.yml]' via location 'file:/C:/Users/deepa/AppData/Local/Temp/config-repo-10256789650301178931/'
2022-07-17 09:44:19 [http-nio-8888-exec-3] INFO  o.s.c.c.s.e.NativeEnvironmentRepository - Adding property source: Config resource 'file [C:\Users\deepa\AppData\Local\Temp\config-repo-10256789650301178931\config-client.yml]' via location 'file:/C:/Users/deepa/AppData/Local/Temp/config-repo-10256789650301178931/'
2022-07-17 09:48:54 [http-nio-8888-exec-5] INFO  o.s.c.c.s.e.NativeEnvironmentRepository - Adding property source: Config resource 'file [C:\Users\deepa\AppData\Local\Temp\config-repo-10256789650301178931\config-client-elastic_query.yml]' via location 'file:/C:/Users/deepa/AppData/Local/Temp/config-repo-10256789650301178931/'
2022-07-17 09:48:54 [http-nio-8888-exec-5] INFO  o.s.c.c.s.e.NativeEnvironmentRepository - Adding property source: Config resource 'file [C:\Users\deepa\AppData\Local\Temp\config-repo-10256789650301178931\config-client.yml]' via location 'file:/C:/Users/deepa/AppData/Local/Temp/config-repo-10256789650301178931/'
2022-07-17 09:49:19 [http-nio-8888-exec-6] INFO  o.s.c.c.s.e.NativeEnvironmentRepository - Adding property source: Config resource 'file [C:\Users\deepa\AppData\Local\Temp\config-repo-10256789650301178931\config-client-elastic_query_web.yml]' via location 'file:/C:/Users/deepa/AppData/Local/Temp/config-repo-10256789650301178931/'
2022-07-17 09:49:19 [http-nio-8888-exec-6] INFO  o.s.c.c.s.e.NativeEnvironmentRepository - Adding property source: Config resource 'file [C:\Users\deepa\AppData\Local\Temp\config-repo-10256789650301178931\config-client.yml]' via location 'file:/C:/Users/deepa/AppData/Local/Temp/config-repo-10256789650301178931/'
2022-07-17 09:54:10 [Thread-3] WARN  o.s.c.c.s.e.MultipleJGitEnvironmentRepository - Failed to delete temporary directory on exit: java.nio.file.AccessDeniedException: C:\Users\deepa\AppData\Local\Temp\config-repo-10256789650301178931\.git\objects\pack\pack-c54f4857c6dd8cd8fd1665765d660aee51e10505.idx
2022-07-17 09:54:14 [background-preinit] INFO  o.h.validator.internal.util.Version - HV000001: Hibernate Validator 6.2.3.Final
2022-07-17 09:54:14 [main] INFO  c.m.d.c.s.ConfigServerApplication - Starting ConfigServerApplication using Java 17.0.3.1 on LAPTOP-BM6U357P with PID 11284 (F:\SpringBoot_Learning\Event-DrivenArchitecure\Event-driven-Service\Microservice-Demo\config-server\target\classes started by deepa in F:\SpringBoot_Learning\Event-DrivenArchitecure\Event-driven-Service\Microservice-Demo)
2022-07-17 09:54:14 [main] INFO  c.m.d.c.s.ConfigServerApplication - No active profile set, falling back to 1 default profile: "default"
2022-07-17 09:54:15 [main] INFO  o.s.cloud.context.scope.GenericScope - BeanFactory id=681d503e-965c-3a1c-82e7-2deb492dc159
2022-07-17 09:54:15 [main] INFO  o.s.b.w.e.tomcat.TomcatWebServer - Tomcat initialized with port(s): 8888 (http)
2022-07-17 09:54:15 [main] INFO  o.a.coyote.http11.Http11NioProtocol - Initializing ProtocolHandler ["http-nio-8888"]
2022-07-17 09:54:15 [main] INFO  o.a.catalina.core.StandardService - Starting service [Tomcat]
2022-07-17 09:54:15 [main] INFO  o.a.catalina.core.StandardEngine - Starting Servlet engine: [Apache Tomcat/9.0.64]
2022-07-17 09:54:15 [main] INFO  o.a.c.c.C.[Tomcat].[localhost].[/] - Initializing Spring embedded WebApplicationContext
2022-07-17 09:54:15 [main] INFO  o.s.b.w.s.c.ServletWebServerApplicationContext - Root WebApplicationContext: initialization completed in 1565 ms
2022-07-17 09:54:16 [main] WARN  o.s.s.c.a.web.builders.WebSecurity - You are asking Spring Security to ignore Ant [pattern='/encrypt/**']. This is not recommended -- please use permitAll via HttpSecurity#authorizeHttpRequests instead.
2022-07-17 09:54:16 [main] INFO  o.s.s.web.DefaultSecurityFilterChain - Will not secure Ant [pattern='/encrypt/**']
2022-07-17 09:54:16 [main] WARN  o.s.s.c.a.web.builders.WebSecurity - You are asking Spring Security to ignore Ant [pattern='/actuator/**']. This is not recommended -- please use permitAll via HttpSecurity#authorizeHttpRequests instead.
2022-07-17 09:54:16 [main] INFO  o.s.s.web.DefaultSecurityFilterChain - Will not secure Ant [pattern='/actuator/**']
2022-07-17 09:54:16 [main] WARN  o.s.s.c.a.web.builders.WebSecurity - You are asking Spring Security to ignore Ant [pattern='/decrypt/**']. This is not recommended -- please use permitAll via HttpSecurity#authorizeHttpRequests instead.
2022-07-17 09:54:16 [main] INFO  o.s.s.web.DefaultSecurityFilterChain - Will not secure Ant [pattern='/decrypt/**']
2022-07-17 09:54:16 [main] INFO  o.s.s.web.DefaultSecurityFilterChain - Will secure any request with [org.springframework.security.web.session.DisableEncodeUrlFilter@79afa369, org.springframework.security.web.context.request.async.WebAsyncManagerIntegrationFilter@3b9ac754, org.springframework.security.web.context.SecurityContextPersistenceFilter@1cb9ef52, org.springframework.security.web.header.HeaderWriterFilter@3d9f0a5, org.springframework.security.web.csrf.CsrfFilter@5696c927, org.springframework.security.web.authentication.logout.LogoutFilter@93501be, org.springframework.security.web.authentication.UsernamePasswordAuthenticationFilter@5c931134, org.springframework.security.web.authentication.ui.DefaultLoginPageGeneratingFilter@1cbc1dde, org.springframework.security.web.authentication.ui.DefaultLogoutPageGeneratingFilter@5e002356, org.springframework.security.web.authentication.www.BasicAuthenticationFilter@22d8f4ed, org.springframework.security.web.savedrequest.RequestCacheAwareFilter@58f31629, org.springframework.security.web.servletapi.SecurityContextHolderAwareRequestFilter@310a7859, org.springframework.security.web.authentication.AnonymousAuthenticationFilter@4f820f42, org.springframework.security.web.session.SessionManagementFilter@30aec673, org.springframework.security.web.access.ExceptionTranslationFilter@54ffa561, org.springframework.security.web.access.intercept.FilterSecurityInterceptor@63bfdbcb]
2022-07-17 09:54:19 [main] INFO  o.a.coyote.http11.Http11NioProtocol - Starting ProtocolHandler ["http-nio-8888"]
2022-07-17 09:54:19 [main] INFO  o.s.b.w.e.tomcat.TomcatWebServer - Tomcat started on port(s): 8888 (http) with context path ''
2022-07-17 09:54:19 [main] INFO  c.m.d.c.s.ConfigServerApplication - Started ConfigServerApplication in 6.65 seconds (JVM running for 7.256)
2022-07-17 09:54:35 [http-nio-8888-exec-1] INFO  o.a.c.c.C.[Tomcat].[localhost].[/] - Initializing Spring DispatcherServlet 'dispatcherServlet'
2022-07-17 09:54:35 [http-nio-8888-exec-1] INFO  o.s.web.servlet.DispatcherServlet - Initializing Servlet 'dispatcherServlet'
2022-07-17 09:54:35 [http-nio-8888-exec-1] INFO  o.s.web.servlet.DispatcherServlet - Completed initialization in 1 ms
2022-07-17 09:54:36 [http-nio-8888-exec-1] INFO  o.s.c.c.s.e.NativeEnvironmentRepository - Adding property source: Config resource 'file [C:\Users\deepa\AppData\Local\Temp\config-repo-16137121857993783983\config-client-elastic_query.yml]' via location 'file:/C:/Users/deepa/AppData/Local/Temp/config-repo-16137121857993783983/'
2022-07-17 09:54:36 [http-nio-8888-exec-1] INFO  o.s.c.c.s.e.NativeEnvironmentRepository - Adding property source: Config resource 'file [C:\Users\deepa\AppData\Local\Temp\config-repo-16137121857993783983\config-client.yml]' via location 'file:/C:/Users/deepa/AppData/Local/Temp/config-repo-16137121857993783983/'
2022-07-17 09:54:59 [http-nio-8888-exec-2] INFO  o.s.c.c.s.e.NativeEnvironmentRepository - Adding property source: Config resource 'file [C:\Users\deepa\AppData\Local\Temp\config-repo-16137121857993783983\config-client-elastic_query_web.yml]' via location 'file:/C:/Users/deepa/AppData/Local/Temp/config-repo-16137121857993783983/'
2022-07-17 09:54:59 [http-nio-8888-exec-2] INFO  o.s.c.c.s.e.NativeEnvironmentRepository - Adding property source: Config resource 'file [C:\Users\deepa\AppData\Local\Temp\config-repo-16137121857993783983\config-client.yml]' via location 'file:/C:/Users/deepa/AppData/Local/Temp/config-repo-16137121857993783983/'
2022-07-17 10:00:50 [Thread-3] WARN  o.s.c.c.s.e.MultipleJGitEnvironmentRepository - Failed to delete temporary directory on exit: java.nio.file.AccessDeniedException: C:\Users\deepa\AppData\Local\Temp\config-repo-16137121857993783983\.git\objects\pack\pack-93d1e44fa5e8183c7a7596f852dd32d36025e55f.idx
2022-07-17 10:00:54 [background-preinit] INFO  o.h.validator.internal.util.Version - HV000001: Hibernate Validator 6.2.3.Final
2022-07-17 10:00:54 [main] INFO  c.m.d.c.s.ConfigServerApplication - Starting ConfigServerApplication using Java 17.0.3.1 on LAPTOP-BM6U357P with PID 7700 (F:\SpringBoot_Learning\Event-DrivenArchitecure\Event-driven-Service\Microservice-Demo\config-server\target\classes started by deepa in F:\SpringBoot_Learning\Event-DrivenArchitecure\Event-driven-Service\Microservice-Demo)
2022-07-17 10:00:54 [main] INFO  c.m.d.c.s.ConfigServerApplication - No active profile set, falling back to 1 default profile: "default"
2022-07-17 10:00:55 [main] INFO  o.s.cloud.context.scope.GenericScope - BeanFactory id=681d503e-965c-3a1c-82e7-2deb492dc159
2022-07-17 10:00:55 [main] INFO  o.s.b.w.e.tomcat.TomcatWebServer - Tomcat initialized with port(s): 8888 (http)
2022-07-17 10:00:55 [main] INFO  o.a.coyote.http11.Http11NioProtocol - Initializing ProtocolHandler ["http-nio-8888"]
2022-07-17 10:00:55 [main] INFO  o.a.catalina.core.StandardService - Starting service [Tomcat]
2022-07-17 10:00:55 [main] INFO  o.a.catalina.core.StandardEngine - Starting Servlet engine: [Apache Tomcat/9.0.64]
2022-07-17 10:00:55 [main] INFO  o.a.c.c.C.[Tomcat].[localhost].[/] - Initializing Spring embedded WebApplicationContext
2022-07-17 10:00:55 [main] INFO  o.s.b.w.s.c.ServletWebServerApplicationContext - Root WebApplicationContext: initialization completed in 1487 ms
2022-07-17 10:00:56 [main] WARN  o.s.s.c.a.web.builders.WebSecurity - You are asking Spring Security to ignore Ant [pattern='/encrypt/**']. This is not recommended -- please use permitAll via HttpSecurity#authorizeHttpRequests instead.
2022-07-17 10:00:56 [main] INFO  o.s.s.web.DefaultSecurityFilterChain - Will not secure Ant [pattern='/encrypt/**']
2022-07-17 10:00:56 [main] WARN  o.s.s.c.a.web.builders.WebSecurity - You are asking Spring Security to ignore Ant [pattern='/actuator/**']. This is not recommended -- please use permitAll via HttpSecurity#authorizeHttpRequests instead.
2022-07-17 10:00:56 [main] INFO  o.s.s.web.DefaultSecurityFilterChain - Will not secure Ant [pattern='/actuator/**']
2022-07-17 10:00:56 [main] WARN  o.s.s.c.a.web.builders.WebSecurity - You are asking Spring Security to ignore Ant [pattern='/decrypt/**']. This is not recommended -- please use permitAll via HttpSecurity#authorizeHttpRequests instead.
2022-07-17 10:00:56 [main] INFO  o.s.s.web.DefaultSecurityFilterChain - Will not secure Ant [pattern='/decrypt/**']
2022-07-17 10:00:56 [main] INFO  o.s.s.web.DefaultSecurityFilterChain - Will secure any request with [org.springframework.security.web.session.DisableEncodeUrlFilter@15986dd5, org.springframework.security.web.context.request.async.WebAsyncManagerIntegrationFilter@678a9516, org.springframework.security.web.context.SecurityContextPersistenceFilter@6f1c3f18, org.springframework.security.web.header.HeaderWriterFilter@2eada095, org.springframework.security.web.csrf.CsrfFilter@19b07407, org.springframework.security.web.authentication.logout.LogoutFilter@1b4872bc, org.springframework.security.web.authentication.UsernamePasswordAuthenticationFilter@4b325930, org.springframework.security.web.authentication.ui.DefaultLoginPageGeneratingFilter@48581a3b, org.springframework.security.web.authentication.ui.DefaultLogoutPageGeneratingFilter@5bf9ea6b, org.springframework.security.web.authentication.www.BasicAuthenticationFilter@69aabcb0, org.springframework.security.web.savedrequest.RequestCacheAwareFilter@489bc8fd, org.springframework.security.web.servletapi.SecurityContextHolderAwareRequestFilter@653fb8d1, org.springframework.security.web.authentication.AnonymousAuthenticationFilter@b950f82, org.springframework.security.web.session.SessionManagementFilter@1416ff46, org.springframework.security.web.access.ExceptionTranslationFilter@4971f459, org.springframework.security.web.access.intercept.FilterSecurityInterceptor@3434a4f0]
2022-07-17 10:00:59 [main] INFO  o.a.coyote.http11.Http11NioProtocol - Starting ProtocolHandler ["http-nio-8888"]
2022-07-17 10:00:59 [main] INFO  o.s.b.w.e.tomcat.TomcatWebServer - Tomcat started on port(s): 8888 (http) with context path ''
2022-07-17 10:00:59 [main] INFO  c.m.d.c.s.ConfigServerApplication - Started ConfigServerApplication in 6.256 seconds (JVM running for 6.826)
2022-07-17 10:01:14 [http-nio-8888-exec-1] INFO  o.a.c.c.C.[Tomcat].[localhost].[/] - Initializing Spring DispatcherServlet 'dispatcherServlet'
2022-07-17 10:01:14 [http-nio-8888-exec-1] INFO  o.s.web.servlet.DispatcherServlet - Initializing Servlet 'dispatcherServlet'
2022-07-17 10:01:14 [http-nio-8888-exec-1] INFO  o.s.web.servlet.DispatcherServlet - Completed initialization in 1 ms
2022-07-17 10:01:15 [http-nio-8888-exec-1] INFO  o.s.c.c.s.e.NativeEnvironmentRepository - Adding property source: Config resource 'file [C:\Users\deepa\AppData\Local\Temp\config-repo-7815190812180820841\config-client-elastic_query_web.yml]' via location 'file:/C:/Users/deepa/AppData/Local/Temp/config-repo-7815190812180820841/'
2022-07-17 10:01:15 [http-nio-8888-exec-1] INFO  o.s.c.c.s.e.NativeEnvironmentRepository - Adding property source: Config resource 'file [C:\Users\deepa\AppData\Local\Temp\config-repo-7815190812180820841\config-client.yml]' via location 'file:/C:/Users/deepa/AppData/Local/Temp/config-repo-7815190812180820841/'
2022-07-17 10:02:03 [Thread-3] WARN  o.s.c.c.s.e.MultipleJGitEnvironmentRepository - Failed to delete temporary directory on exit: java.nio.file.AccessDeniedException: C:\Users\deepa\AppData\Local\Temp\config-repo-7815190812180820841\.git\objects\pack\pack-a6c01b494e000e2a56ddb23590259a2e2cd40ddc.idx
2022-07-17 10:02:06 [background-preinit] INFO  o.h.validator.internal.util.Version - HV000001: Hibernate Validator 6.2.3.Final
2022-07-17 10:02:06 [main] INFO  c.m.d.c.s.ConfigServerApplication - Starting ConfigServerApplication using Java 17.0.3.1 on LAPTOP-BM6U357P with PID 17236 (F:\SpringBoot_Learning\Event-DrivenArchitecure\Event-driven-Service\Microservice-Demo\config-server\target\classes started by deepa in F:\SpringBoot_Learning\Event-DrivenArchitecure\Event-driven-Service\Microservice-Demo)
2022-07-17 10:02:06 [main] INFO  c.m.d.c.s.ConfigServerApplication - No active profile set, falling back to 1 default profile: "default"
2022-07-17 10:02:07 [main] INFO  o.s.cloud.context.scope.GenericScope - BeanFactory id=681d503e-965c-3a1c-82e7-2deb492dc159
2022-07-17 10:02:08 [main] INFO  o.s.b.w.e.tomcat.TomcatWebServer - Tomcat initialized with port(s): 8888 (http)
2022-07-17 10:02:08 [main] INFO  o.a.coyote.http11.Http11NioProtocol - Initializing ProtocolHandler ["http-nio-8888"]
2022-07-17 10:02:08 [main] INFO  o.a.catalina.core.StandardService - Starting service [Tomcat]
2022-07-17 10:02:08 [main] INFO  o.a.catalina.core.StandardEngine - Starting Servlet engine: [Apache Tomcat/9.0.64]
2022-07-17 10:02:08 [main] INFO  o.a.c.c.C.[Tomcat].[localhost].[/] - Initializing Spring embedded WebApplicationContext
2022-07-17 10:02:08 [main] INFO  o.s.b.w.s.c.ServletWebServerApplicationContext - Root WebApplicationContext: initialization completed in 1536 ms
2022-07-17 10:02:09 [main] WARN  o.s.s.c.a.web.builders.WebSecurity - You are asking Spring Security to ignore Ant [pattern='/encrypt/**']. This is not recommended -- please use permitAll via HttpSecurity#authorizeHttpRequests instead.
2022-07-17 10:02:09 [main] INFO  o.s.s.web.DefaultSecurityFilterChain - Will not secure Ant [pattern='/encrypt/**']
2022-07-17 10:02:09 [main] WARN  o.s.s.c.a.web.builders.WebSecurity - You are asking Spring Security to ignore Ant [pattern='/actuator/**']. This is not recommended -- please use permitAll via HttpSecurity#authorizeHttpRequests instead.
2022-07-17 10:02:09 [main] INFO  o.s.s.web.DefaultSecurityFilterChain - Will not secure Ant [pattern='/actuator/**']
2022-07-17 10:02:09 [main] WARN  o.s.s.c.a.web.builders.WebSecurity - You are asking Spring Security to ignore Ant [pattern='/decrypt/**']. This is not recommended -- please use permitAll via HttpSecurity#authorizeHttpRequests instead.
2022-07-17 10:02:09 [main] INFO  o.s.s.web.DefaultSecurityFilterChain - Will not secure Ant [pattern='/decrypt/**']
2022-07-17 10:02:09 [main] INFO  o.s.s.web.DefaultSecurityFilterChain - Will secure any request with [org.springframework.security.web.session.DisableEncodeUrlFilter@7af0affa, org.springframework.security.web.context.request.async.WebAsyncManagerIntegrationFilter@71560f51, org.springframework.security.web.context.SecurityContextPersistenceFilter@6acffb2d, org.springframework.security.web.header.HeaderWriterFilter@d54d0f5, org.springframework.security.web.csrf.CsrfFilter@4e80a001, org.springframework.security.web.authentication.logout.LogoutFilter@4c07d1fc, org.springframework.security.web.authentication.UsernamePasswordAuthenticationFilter@52d0f583, org.springframework.security.web.authentication.ui.DefaultLoginPageGeneratingFilter@19b07407, org.springframework.security.web.authentication.ui.DefaultLogoutPageGeneratingFilter@3e1f1046, org.springframework.security.web.authentication.www.BasicAuthenticationFilter@353f472a, org.springframework.security.web.savedrequest.RequestCacheAwareFilter@149c39b, org.springframework.security.web.servletapi.SecurityContextHolderAwareRequestFilter@739e8b96, org.springframework.security.web.authentication.AnonymousAuthenticationFilter@23e3f5cd, org.springframework.security.web.session.SessionManagementFilter@541bf968, org.springframework.security.web.access.ExceptionTranslationFilter@7459a21e, org.springframework.security.web.access.intercept.FilterSecurityInterceptor@45a1d057]
2022-07-17 10:02:12 [main] INFO  o.a.coyote.http11.Http11NioProtocol - Starting ProtocolHandler ["http-nio-8888"]
2022-07-17 10:02:12 [main] INFO  o.s.b.w.e.tomcat.TomcatWebServer - Tomcat started on port(s): 8888 (http) with context path ''
2022-07-17 10:02:12 [main] INFO  c.m.d.c.s.ConfigServerApplication - Started ConfigServerApplication in 6.323 seconds (JVM running for 6.899)
2022-07-17 10:02:26 [http-nio-8888-exec-2] INFO  o.a.c.c.C.[Tomcat].[localhost].[/] - Initializing Spring DispatcherServlet 'dispatcherServlet'
2022-07-17 10:02:26 [http-nio-8888-exec-2] INFO  o.s.web.servlet.DispatcherServlet - Initializing Servlet 'dispatcherServlet'
2022-07-17 10:02:26 [http-nio-8888-exec-2] INFO  o.s.web.servlet.DispatcherServlet - Completed initialization in 1 ms
2022-07-17 10:02:27 [http-nio-8888-exec-2] INFO  o.s.c.c.s.e.NativeEnvironmentRepository - Adding property source: Config resource 'file [C:\Users\deepa\AppData\Local\Temp\config-repo-3328026438780466589\config-client-elastic_query_web.yml]' via location 'file:/C:/Users/deepa/AppData/Local/Temp/config-repo-3328026438780466589/'
2022-07-17 10:02:27 [http-nio-8888-exec-2] INFO  o.s.c.c.s.e.NativeEnvironmentRepository - Adding property source: Config resource 'file [C:\Users\deepa\AppData\Local\Temp\config-repo-3328026438780466589\config-client.yml]' via location 'file:/C:/Users/deepa/AppData/Local/Temp/config-repo-3328026438780466589/'
2022-07-17 10:07:44 [http-nio-8888-exec-3] INFO  o.s.c.c.s.e.NativeEnvironmentRepository - Adding property source: Config resource 'file [C:\Users\deepa\AppData\Local\Temp\config-repo-3328026438780466589\config-client-elastic_query_web.yml]' via location 'file:/C:/Users/deepa/AppData/Local/Temp/config-repo-3328026438780466589/'
2022-07-17 10:07:44 [http-nio-8888-exec-3] INFO  o.s.c.c.s.e.NativeEnvironmentRepository - Adding property source: Config resource 'file [C:\Users\deepa\AppData\Local\Temp\config-repo-3328026438780466589\config-client.yml]' via location 'file:/C:/Users/deepa/AppData/Local/Temp/config-repo-3328026438780466589/'
2022-07-17 11:19:44 [http-nio-8888-exec-6] INFO  o.s.c.c.s.e.EncryptionController - Decrypted cipher data
2022-07-17 11:19:56 [http-nio-8888-exec-7] INFO  o.s.c.c.s.e.EncryptionController - Encrypted data
2022-07-17 11:22:12 [Thread-3] WARN  o.s.c.c.s.e.MultipleJGitEnvironmentRepository - Failed to delete temporary directory on exit: java.nio.file.AccessDeniedException: C:\Users\deepa\AppData\Local\Temp\config-repo-3328026438780466589\.git\objects\pack\pack-41d52e0161897f55c4ae53a992ce5d0d357a7221.idx
2022-07-17 11:22:17 [background-preinit] INFO  o.h.validator.internal.util.Version - HV000001: Hibernate Validator 6.2.3.Final
2022-07-17 11:22:17 [main] INFO  c.m.d.c.s.ConfigServerApplication - Starting ConfigServerApplication using Java 17.0.3.1 on LAPTOP-BM6U357P with PID 29444 (F:\SpringBoot_Learning\Event-DrivenArchitecure\Event-driven-Service\Microservice-Demo\config-server\target\classes started by deepa in F:\SpringBoot_Learning\Event-DrivenArchitecure\Event-driven-Service\Microservice-Demo)
2022-07-17 11:22:17 [main] INFO  c.m.d.c.s.ConfigServerApplication - No active profile set, falling back to 1 default profile: "default"
2022-07-17 11:22:18 [main] INFO  o.s.cloud.context.scope.GenericScope - BeanFactory id=681d503e-965c-3a1c-82e7-2deb492dc159
2022-07-17 11:22:19 [main] INFO  o.s.b.w.e.tomcat.TomcatWebServer - Tomcat initialized with port(s): 8888 (http)
2022-07-17 11:22:19 [main] INFO  o.a.coyote.http11.Http11NioProtocol - Initializing ProtocolHandler ["http-nio-8888"]
2022-07-17 11:22:19 [main] INFO  o.a.catalina.core.StandardService - Starting service [Tomcat]
2022-07-17 11:22:19 [main] INFO  o.a.catalina.core.StandardEngine - Starting Servlet engine: [Apache Tomcat/9.0.64]
2022-07-17 11:22:19 [main] INFO  o.a.c.c.C.[Tomcat].[localhost].[/] - Initializing Spring embedded WebApplicationContext
2022-07-17 11:22:19 [main] INFO  o.s.b.w.s.c.ServletWebServerApplicationContext - Root WebApplicationContext: initialization completed in 1457 ms
2022-07-17 11:22:19 [main] WARN  o.s.s.c.a.web.builders.WebSecurity - You are asking Spring Security to ignore Ant [pattern='/encrypt/**']. This is not recommended -- please use permitAll via HttpSecurity#authorizeHttpRequests instead.
2022-07-17 11:22:19 [main] INFO  o.s.s.web.DefaultSecurityFilterChain - Will not secure Ant [pattern='/encrypt/**']
2022-07-17 11:22:19 [main] WARN  o.s.s.c.a.web.builders.WebSecurity - You are asking Spring Security to ignore Ant [pattern='/actuator/**']. This is not recommended -- please use permitAll via HttpSecurity#authorizeHttpRequests instead.
2022-07-17 11:22:19 [main] INFO  o.s.s.web.DefaultSecurityFilterChain - Will not secure Ant [pattern='/actuator/**']
2022-07-17 11:22:19 [main] WARN  o.s.s.c.a.web.builders.WebSecurity - You are asking Spring Security to ignore Ant [pattern='/decrypt/**']. This is not recommended -- please use permitAll via HttpSecurity#authorizeHttpRequests instead.
2022-07-17 11:22:19 [main] INFO  o.s.s.web.DefaultSecurityFilterChain - Will not secure Ant [pattern='/decrypt/**']
2022-07-17 11:22:19 [main] INFO  o.s.s.web.DefaultSecurityFilterChain - Will secure any request with [org.springframework.security.web.session.DisableEncodeUrlFilter@498c535d, org.springframework.security.web.context.request.async.WebAsyncManagerIntegrationFilter@16ee9aa7, org.springframework.security.web.context.SecurityContextPersistenceFilter@93501be, org.springframework.security.web.header.HeaderWriterFilter@236fdf, org.springframework.security.web.csrf.CsrfFilter@58f31629, org.springframework.security.web.authentication.logout.LogoutFilter@7b222230, org.springframework.security.web.authentication.UsernamePasswordAuthenticationFilter@69aabcb0, org.springframework.security.web.authentication.ui.DefaultLoginPageGeneratingFilter@70716259, org.springframework.security.web.authentication.ui.DefaultLogoutPageGeneratingFilter@4e424582, org.springframework.security.web.authentication.www.BasicAuthenticationFilter@2dfeb141, org.springframework.security.web.savedrequest.RequestCacheAwareFilter@195580ba, org.springframework.security.web.servletapi.SecurityContextHolderAwareRequestFilter@db99785, org.springframework.security.web.authentication.AnonymousAuthenticationFilter@58dad04a, org.springframework.security.web.session.SessionManagementFilter@653fb8d1, org.springframework.security.web.access.ExceptionTranslationFilter@5ac53c06, org.springframework.security.web.access.intercept.FilterSecurityInterceptor@25a1a012]
2022-07-17 11:22:22 [main] INFO  o.a.coyote.http11.Http11NioProtocol - Starting ProtocolHandler ["http-nio-8888"]
2022-07-17 11:22:22 [main] INFO  o.s.b.w.e.tomcat.TomcatWebServer - Tomcat started on port(s): 8888 (http) with context path ''
2022-07-17 11:22:22 [main] INFO  c.m.d.c.s.ConfigServerApplication - Started ConfigServerApplication in 6.216 seconds (JVM running for 6.758)
2022-07-17 11:22:42 [http-nio-8888-exec-1] INFO  o.a.c.c.C.[Tomcat].[localhost].[/] - Initializing Spring DispatcherServlet 'dispatcherServlet'
2022-07-17 11:22:42 [http-nio-8888-exec-1] INFO  o.s.web.servlet.DispatcherServlet - Initializing Servlet 'dispatcherServlet'
2022-07-17 11:22:42 [http-nio-8888-exec-1] INFO  o.s.web.servlet.DispatcherServlet - Completed initialization in 1 ms
2022-07-17 11:22:44 [http-nio-8888-exec-1] INFO  o.s.c.c.s.e.NativeEnvironmentRepository - Adding property source: Config resource 'file [C:\Users\deepa\AppData\Local\Temp\config-repo-15600584706397528168\config-client-elastic_query.yml]' via location 'file:/C:/Users/deepa/AppData/Local/Temp/config-repo-15600584706397528168/'
2022-07-17 11:22:44 [http-nio-8888-exec-1] INFO  o.s.c.c.s.e.NativeEnvironmentRepository - Adding property source: Config resource 'file [C:\Users\deepa\AppData\Local\Temp\config-repo-15600584706397528168\config-client.yml]' via location 'file:/C:/Users/deepa/AppData/Local/Temp/config-repo-15600584706397528168/'
2022-07-17 11:23:13 [http-nio-8888-exec-2] INFO  o.s.c.c.s.e.NativeEnvironmentRepository - Adding property source: Config resource 'file [C:\Users\deepa\AppData\Local\Temp\config-repo-15600584706397528168\config-client-elastic_query_web.yml]' via location 'file:/C:/Users/deepa/AppData/Local/Temp/config-repo-15600584706397528168/'
2022-07-17 11:23:13 [http-nio-8888-exec-2] INFO  o.s.c.c.s.e.NativeEnvironmentRepository - Adding property source: Config resource 'file [C:\Users\deepa\AppData\Local\Temp\config-repo-15600584706397528168\config-client.yml]' via location 'file:/C:/Users/deepa/AppData/Local/Temp/config-repo-15600584706397528168/'
2022-07-17 11:25:10 [http-nio-8888-exec-5] INFO  o.s.c.c.s.e.NativeEnvironmentRepository - Adding property source: Config resource 'file [C:\Users\deepa\AppData\Local\Temp\config-repo-15600584706397528168\config-client-elastic_query_web_2.yml]' via location 'file:/C:/Users/deepa/AppData/Local/Temp/config-repo-15600584706397528168/'
2022-07-17 11:25:10 [http-nio-8888-exec-5] INFO  o.s.c.c.s.e.NativeEnvironmentRepository - Adding property source: Config resource 'file [C:\Users\deepa\AppData\Local\Temp\config-repo-15600584706397528168\config-client.yml]' via location 'file:/C:/Users/deepa/AppData/Local/Temp/config-repo-15600584706397528168/'
2022-07-17 12:02:16 [Thread-3] WARN  o.s.c.c.s.e.MultipleJGitEnvironmentRepository - Failed to delete temporary directory on exit: java.nio.file.AccessDeniedException: C:\Users\deepa\AppData\Local\Temp\config-repo-15600584706397528168\.git\objects\pack\pack-d7aca7b2aab9203080128f4b698333e49641f8ea.idx
