2022-06-28 11:18:49 [main] INFO  c.m.d.t.t.k.s.TwitterToKafkaServiceApplication - Starting TwitterToKafkaServiceApplication using Java 16.0.2 on LAPTOP-BM6U357P with PID 6776 (F:\SpringBoot_Learning\Event-Driven Architecure\Microservice-Demo\twitter-to-kafka-service\target\classes started by deepa in F:\SpringBoot_Learning\Event-Driven Architecure\Microservice-Demo)
2022-06-28 11:18:49 [main] INFO  c.m.d.t.t.k.s.TwitterToKafkaServiceApplication - No active profile set, falling back to 1 default profile: "default"
2022-06-28 11:18:50 [main] INFO  c.m.d.t.t.k.s.TwitterToKafkaServiceApplication - Started TwitterToKafkaServiceApplication in 1.333 seconds (JVM running for 2.071)
2022-06-28 11:18:50 [main] INFO  c.m.d.t.t.k.s.TwitterToKafkaServiceApplication - App starts...
2022-06-28 11:18:50 [main] INFO  c.m.d.t.t.k.s.TwitterToKafkaServiceApplication - [-Java -Microservice -Spring -Kafka -Elasticsearch]
2022-06-28 11:18:50 [main] INFO  c.m.d.t.t.k.s.TwitterToKafkaServiceApplication - Hello MicroService
2022-06-28 11:18:50 [Twitter Stream consumer /  [1][initializing]] INFO  twitter4j.TwitterStreamImpl - Establishing connection.
2022-06-28 11:18:50 [main] INFO  c.m.d.t.t.k.s.r.i.TwitterKafkaStreamRunner - Starting filtering twitter stream for keywords [-Java -Microservice -Spring -Kafka -Elasticsearch]
2022-06-28 11:18:51 [Twitter Stream consumer /  [1][Establishing connection]] INFO  twitter4j.TwitterStreamImpl - 401:Authentication credentials (https://dev.twitter.com/pages/auth) were missing or incorrect. Ensure that you have set valid consumer key/secret, access token/secret, and the system clock is in sync.
<html>\n<head>\n<meta http-equiv="Content-Type" content="text/html; charset=utf-8"/>\n<title>Error 401 Unauthorized</title>
</head>
<body>
<h2>HTTP ERROR: 401</h2>
<p>Problem accessing '/1.1/statuses/filter.json'. Reason:
<pre>    Unauthorized</pre>
</body>
</html>

2022-06-28 11:18:51 [Twitter Stream consumer /  [1][Establishing connection]] INFO  twitter4j.TwitterStreamImpl - Waiting for 10000 milliseconds
2022-06-28 11:19:01 [Twitter Stream consumer /  [1][Waiting for 10000 milliseconds]] INFO  twitter4j.TwitterStreamImpl - Establishing connection.
2022-06-28 11:19:02 [Twitter Stream consumer /  [1][Establishing connection]] INFO  twitter4j.TwitterStreamImpl - 401:Authentication credentials (https://dev.twitter.com/pages/auth) were missing or incorrect. Ensure that you have set valid consumer key/secret, access token/secret, and the system clock is in sync.
<html>\n<head>\n<meta http-equiv="Content-Type" content="text/html; charset=utf-8"/>\n<title>Error 401 Unauthorized</title>
</head>
<body>
<h2>HTTP ERROR: 401</h2>
<p>Problem accessing '/1.1/statuses/filter.json'. Reason:
<pre>    Unauthorized</pre>
</body>
</html>

2022-06-28 11:19:02 [Twitter Stream consumer /  [1][Establishing connection]] INFO  twitter4j.TwitterStreamImpl - Waiting for 20000 milliseconds
2022-06-28 11:19:07 [SpringApplicationShutdownHook] INFO  c.m.d.t.t.k.s.r.i.TwitterKafkaStreamRunner - Closing twitter Stream
2022-06-28 15:21:50 [main] INFO  c.m.d.t.t.k.s.TwitterToKafkaServiceApplication - Starting TwitterToKafkaServiceApplication using Java 16.0.2 on LAPTOP-BM6U357P with PID 33204 (F:\SpringBoot_Learning\Event-Driven Architecure\Microservice-Demo\twitter-to-kafka-service\target\classes started by deepa in F:\SpringBoot_Learning\Event-Driven Architecure\Microservice-Demo)
2022-06-28 15:21:50 [main] INFO  c.m.d.t.t.k.s.TwitterToKafkaServiceApplication - No active profile set, falling back to 1 default profile: "default"
2022-06-28 15:21:51 [main] INFO  c.m.d.t.t.k.s.TwitterToKafkaServiceApplication - Started TwitterToKafkaServiceApplication in 1.378 seconds (JVM running for 2.15)
2022-06-28 15:21:51 [main] INFO  c.m.d.t.t.k.s.TwitterToKafkaServiceApplication - App starts...
2022-06-28 15:21:51 [main] INFO  c.m.d.t.t.k.s.TwitterToKafkaServiceApplication - [-Java -Microservice -Spring -Kafka -Elasticsearch]
2022-06-28 15:21:51 [main] INFO  c.m.d.t.t.k.s.TwitterToKafkaServiceApplication - Hello MicroService
2022-06-28 15:21:51 [Twitter Stream consumer /  [1][initializing]] INFO  twitter4j.TwitterStreamImpl - Establishing connection.
2022-06-28 15:21:51 [main] INFO  c.m.d.t.t.k.s.r.i.TwitterKafkaStreamRunner - Starting filtering twitter stream for keywords [-Java -Microservice -Spring -Kafka -Elasticsearch]
2022-06-28 15:21:53 [Twitter Stream consumer /  [1][Establishing connection]] INFO  twitter4j.TwitterStreamImpl - 403:The request is understood, but it has been refused. An accompanying error message will explain why. This code is used when requests are being denied due to update limits (https://support.twitter.com/articles/15364-about-twitter-limits-update-api-dm-and-following).
<html>\n<head>\n<meta http-equiv="Content-Type" content="text/html; charset=utf-8"/>\n<title>Error 403 
Please use V2 filtered and sample volume stream as alternatives
</title>
</head>
<body>
<h2>HTTP ERROR: 403</h2>
<p>Problem accessing '/1.1/statuses/filter.json'. Reason:
<pre>    
Please use V2 filtered and sample volume stream as alternatives
</pre>
</body>
</html>

2022-06-28 15:21:53 [Twitter Stream consumer /  [1][Establishing connection]] WARN  twitter4j.TwitterStreamImpl - This account is not in required role. 403:The request is understood, but it has been refused. An accompanying error message will explain why. This code is used when requests are being denied due to update limits (https://support.twitter.com/articles/15364-about-twitter-limits-update-api-dm-and-following).
<html>\n<head>\n<meta http-equiv="Content-Type" content="text/html; charset=utf-8"/>\n<title>Error 403 
Please use V2 filtered and sample volume stream as alternatives
</title>
</head>
<body>
<h2>HTTP ERROR: 403</h2>
<p>Problem accessing '/1.1/statuses/filter.json'. Reason:
<pre>    
Please use V2 filtered and sample volume stream as alternatives
</pre>
</body>
</html>

2022-06-28 15:21:53 [SpringApplicationShutdownHook] INFO  c.m.d.t.t.k.s.r.i.TwitterKafkaStreamRunner - Closing twitter Stream
2022-06-28 16:19:32 [main] INFO  c.m.d.t.t.k.s.TwitterToKafkaServiceApplication - Starting TwitterToKafkaServiceApplication using Java 16.0.2 on LAPTOP-BM6U357P with PID 28832 (F:\SpringBoot_Learning\Event-Driven Architecure\Microservice-Demo\twitter-to-kafka-service\target\classes started by deepa in F:\SpringBoot_Learning\Event-Driven Architecure\Microservice-Demo)
2022-06-28 16:19:32 [main] INFO  c.m.d.t.t.k.s.TwitterToKafkaServiceApplication - No active profile set, falling back to 1 default profile: "default"
2022-06-28 16:19:33 [main] INFO  c.m.d.t.t.k.s.TwitterToKafkaServiceApplication - Started TwitterToKafkaServiceApplication in 1.511 seconds (JVM running for 2.194)
2022-06-28 16:19:33 [main] INFO  c.m.d.t.t.k.s.TwitterToKafkaServiceApplication - App starts...
2022-06-28 16:19:33 [main] INFO  c.m.d.t.t.k.s.TwitterToKafkaServiceApplication - [-Java -Microservice -Spring -Kafka -Elasticsearch]
2022-06-28 16:19:33 [main] INFO  c.m.d.t.t.k.s.TwitterToKafkaServiceApplication - Hello MicroService
2022-06-28 16:19:33 [main] INFO  c.m.d.t.t.k.s.r.i.TwitterV2KafkaStreamRunner - Created filter for twitter stream for keywords: [-Java -Microservice -Spring -Kafka -Elasticsearch]
2022-06-28 16:19:33 [main] INFO  o.s.b.a.l.ConditionEvaluationReportLoggingListener - 

Error starting ApplicationContext. To display the conditions report re-run your application with 'debug' enabled.
2022-06-28 16:19:33 [main] ERROR o.s.boot.SpringApplication - Application run failed
java.lang.IllegalStateException: Failed to execute CommandLineRunner
	at org.springframework.boot.SpringApplication.callRunner(SpringApplication.java:774)
	at org.springframework.boot.SpringApplication.callRunners(SpringApplication.java:755)
	at org.springframework.boot.SpringApplication.run(SpringApplication.java:315)
	at org.springframework.boot.SpringApplication.run(SpringApplication.java:1306)
	at org.springframework.boot.SpringApplication.run(SpringApplication.java:1295)
	at com.microservice.demo.twitter.to.kafka.service.TwitterToKafkaServiceApplication.main(TwitterToKafkaServiceApplication.java:29)
Caused by: java.lang.NullPointerException: Cannot invoke "String.length()" because "this.input" is null
	at java.base/java.net.URI$Parser.parse(URI.java:3157)
	at java.base/java.net.URI.<init>(URI.java:623)
	at org.apache.http.client.utils.URIBuilder.<init>(URIBuilder.java:82)
	at com.microservice.demo.twitter.to.kafka.service.runner.impl.TwitterV2StreamHelper.getRules(TwitterV2StreamHelper.java:150)
	at com.microservice.demo.twitter.to.kafka.service.runner.impl.TwitterV2StreamHelper.setupRules(TwitterV2StreamHelper.java:108)
	at com.microservice.demo.twitter.to.kafka.service.runner.impl.TwitterV2KafkaStreamRunner.start(TwitterV2KafkaStreamRunner.java:38)
	at com.microservice.demo.twitter.to.kafka.service.TwitterToKafkaServiceApplication.run(TwitterToKafkaServiceApplication.java:39)
	at org.springframework.boot.SpringApplication.callRunner(SpringApplication.java:771)
	... 5 common frames omitted
2022-06-28 16:21:14 [main] INFO  c.m.d.t.t.k.s.TwitterToKafkaServiceApplication - Starting TwitterToKafkaServiceApplication using Java 16.0.2 on LAPTOP-BM6U357P with PID 7300 (F:\SpringBoot_Learning\Event-Driven Architecure\Microservice-Demo\twitter-to-kafka-service\target\classes started by deepa in F:\SpringBoot_Learning\Event-Driven Architecure\Microservice-Demo)
2022-06-28 16:21:14 [main] INFO  c.m.d.t.t.k.s.TwitterToKafkaServiceApplication - No active profile set, falling back to 1 default profile: "default"
2022-06-28 16:21:15 [main] INFO  c.m.d.t.t.k.s.TwitterToKafkaServiceApplication - Started TwitterToKafkaServiceApplication in 1.463 seconds (JVM running for 2.861)
2022-06-28 16:21:15 [main] INFO  c.m.d.t.t.k.s.TwitterToKafkaServiceApplication - App starts...
2022-06-28 16:21:15 [main] INFO  c.m.d.t.t.k.s.TwitterToKafkaServiceApplication - [-Java -Microservice -Spring -Kafka -Elasticsearch]
2022-06-28 16:21:15 [main] INFO  c.m.d.t.t.k.s.TwitterToKafkaServiceApplication - Hello MicroService
2022-06-28 16:21:15 [main] INFO  c.m.d.t.t.k.s.r.i.TwitterV2KafkaStreamRunner - Created filter for twitter stream for keywords: [-Java -Microservice -Spring -Kafka -Elasticsearch]
2022-06-28 16:22:53 [main] INFO  o.s.b.a.l.ConditionEvaluationReportLoggingListener - 

Error starting ApplicationContext. To display the conditions report re-run your application with 'debug' enabled.
2022-06-28 16:22:53 [main] ERROR o.s.boot.SpringApplication - Application run failed
java.lang.IllegalStateException: Failed to execute CommandLineRunner
	at org.springframework.boot.SpringApplication.callRunner(SpringApplication.java:774)
	at org.springframework.boot.SpringApplication.callRunners(SpringApplication.java:755)
	at org.springframework.boot.SpringApplication.run(SpringApplication.java:315)
	at org.springframework.boot.SpringApplication.run(SpringApplication.java:1306)
	at org.springframework.boot.SpringApplication.run(SpringApplication.java:1295)
	at com.microservice.demo.twitter.to.kafka.service.TwitterToKafkaServiceApplication.main(TwitterToKafkaServiceApplication.java:29)
Caused by: java.lang.NullPointerException: Cannot invoke "String.length()" because "this.input" is null
	at java.base/java.net.URI$Parser.parse(URI.java:3157)
	at java.base/java.net.URI.<init>(URI.java:623)
	at org.apache.http.client.utils.URIBuilder.<init>(URIBuilder.java:82)
	at com.microservice.demo.twitter.to.kafka.service.runner.impl.TwitterV2StreamHelper.getRules(TwitterV2StreamHelper.java:150)
	at com.microservice.demo.twitter.to.kafka.service.runner.impl.TwitterV2StreamHelper.setupRules(TwitterV2StreamHelper.java:108)
	at com.microservice.demo.twitter.to.kafka.service.runner.impl.TwitterV2KafkaStreamRunner.start(TwitterV2KafkaStreamRunner.java:38)
	at com.microservice.demo.twitter.to.kafka.service.TwitterToKafkaServiceApplication.run(TwitterToKafkaServiceApplication.java:39)
	at org.springframework.boot.SpringApplication.callRunner(SpringApplication.java:771)
	... 5 common frames omitted
2022-06-28 16:23:00 [main] INFO  c.m.d.t.t.k.s.TwitterToKafkaServiceApplication - Starting TwitterToKafkaServiceApplication using Java 16.0.2 on LAPTOP-BM6U357P with PID 15788 (F:\SpringBoot_Learning\Event-Driven Architecure\Microservice-Demo\twitter-to-kafka-service\target\classes started by deepa in F:\SpringBoot_Learning\Event-Driven Architecure\Microservice-Demo)
2022-06-28 16:23:00 [main] INFO  c.m.d.t.t.k.s.TwitterToKafkaServiceApplication - No active profile set, falling back to 1 default profile: "default"
2022-06-28 16:23:01 [main] INFO  c.m.d.t.t.k.s.TwitterToKafkaServiceApplication - Started TwitterToKafkaServiceApplication in 1.441 seconds (JVM running for 2.269)
2022-06-28 16:23:01 [main] INFO  c.m.d.t.t.k.s.TwitterToKafkaServiceApplication - App starts...
2022-06-28 16:23:01 [main] INFO  c.m.d.t.t.k.s.TwitterToKafkaServiceApplication - [-Java -Microservice -Spring -Kafka -Elasticsearch]
2022-06-28 16:23:01 [main] INFO  c.m.d.t.t.k.s.TwitterToKafkaServiceApplication - Hello MicroService
2022-06-28 16:23:01 [main] INFO  c.m.d.t.t.k.s.r.i.TwitterV2KafkaStreamRunner - Created filter for twitter stream for keywords: [-Java -Microservice -Spring -Kafka -Elasticsearch]
2022-06-28 16:23:10 [main] INFO  c.m.d.t.t.k.s.r.i.TwitterV2StreamHelper - Created rules for twitter stream -Java -Microservice -Spring -Kafka -Elasticsearch
2022-06-28 16:23:11 [main] INFO  o.s.b.a.l.ConditionEvaluationReportLoggingListener - 

Error starting ApplicationContext. To display the conditions report re-run your application with 'debug' enabled.
2022-06-28 16:23:11 [main] ERROR o.s.boot.SpringApplication - Application run failed
java.lang.IllegalStateException: Failed to execute CommandLineRunner
	at org.springframework.boot.SpringApplication.callRunner(SpringApplication.java:774)
	at org.springframework.boot.SpringApplication.callRunners(SpringApplication.java:755)
	at org.springframework.boot.SpringApplication.run(SpringApplication.java:315)
	at org.springframework.boot.SpringApplication.run(SpringApplication.java:1306)
	at org.springframework.boot.SpringApplication.run(SpringApplication.java:1295)
	at com.microservice.demo.twitter.to.kafka.service.TwitterToKafkaServiceApplication.main(TwitterToKafkaServiceApplication.java:29)
Caused by: java.lang.NullPointerException: Cannot invoke "String.isEmpty()" because "line" is null
	at com.microservice.demo.twitter.to.kafka.service.runner.impl.TwitterV2StreamHelper.connectStream(TwitterV2StreamHelper.java:88)
	at com.microservice.demo.twitter.to.kafka.service.runner.impl.TwitterV2KafkaStreamRunner.start(TwitterV2KafkaStreamRunner.java:39)
	at com.microservice.demo.twitter.to.kafka.service.TwitterToKafkaServiceApplication.run(TwitterToKafkaServiceApplication.java:39)
	at org.springframework.boot.SpringApplication.callRunner(SpringApplication.java:771)
	... 5 common frames omitted
2022-06-28 16:24:11 [main] INFO  c.m.d.t.t.k.s.TwitterToKafkaServiceApplication - Starting TwitterToKafkaServiceApplication using Java 16.0.2 on LAPTOP-BM6U357P with PID 7032 (F:\SpringBoot_Learning\Event-Driven Architecure\Microservice-Demo\twitter-to-kafka-service\target\classes started by deepa in F:\SpringBoot_Learning\Event-Driven Architecure\Microservice-Demo)
2022-06-28 16:24:11 [main] INFO  c.m.d.t.t.k.s.TwitterToKafkaServiceApplication - No active profile set, falling back to 1 default profile: "default"
2022-06-28 16:24:12 [main] INFO  c.m.d.t.t.k.s.TwitterToKafkaServiceApplication - Started TwitterToKafkaServiceApplication in 1.284 seconds (JVM running for 1.897)
2022-06-28 16:24:12 [main] INFO  c.m.d.t.t.k.s.TwitterToKafkaServiceApplication - App starts...
2022-06-28 16:24:12 [main] INFO  c.m.d.t.t.k.s.TwitterToKafkaServiceApplication - [-Java -Microservice -Spring -Kafka -Elasticsearch]
2022-06-28 16:24:12 [main] INFO  c.m.d.t.t.k.s.TwitterToKafkaServiceApplication - Hello MicroService
2022-06-28 16:24:12 [main] INFO  c.m.d.t.t.k.s.r.i.TwitterV2KafkaStreamRunner - Created filter for twitter stream for keywords: [-Java -Microservice -Spring -Kafka -Elasticsearch]
2022-06-28 16:24:13 [main] INFO  c.m.d.t.t.k.s.r.i.TwitterV2StreamHelper - Created rules for twitter stream -Java -Microservice -Spring -Kafka -Elasticsearch
2022-06-28 16:24:56 [main] INFO  c.m.d.t.t.k.s.TwitterToKafkaServiceApplication - Starting TwitterToKafkaServiceApplication using Java 16.0.2 on LAPTOP-BM6U357P with PID 28592 (F:\SpringBoot_Learning\Event-Driven Architecure\Microservice-Demo\twitter-to-kafka-service\target\classes started by deepa in F:\SpringBoot_Learning\Event-Driven Architecure\Microservice-Demo)
2022-06-28 16:24:56 [main] INFO  c.m.d.t.t.k.s.TwitterToKafkaServiceApplication - No active profile set, falling back to 1 default profile: "default"
2022-06-28 16:24:57 [main] INFO  c.m.d.t.t.k.s.TwitterToKafkaServiceApplication - Started TwitterToKafkaServiceApplication in 1.21 seconds (JVM running for 1.801)
2022-06-28 16:24:57 [main] INFO  c.m.d.t.t.k.s.TwitterToKafkaServiceApplication - App starts...
2022-06-28 16:24:57 [main] INFO  c.m.d.t.t.k.s.TwitterToKafkaServiceApplication - [Java Microservice Spring Kafka Elasticsearch]
2022-06-28 16:24:57 [main] INFO  c.m.d.t.t.k.s.TwitterToKafkaServiceApplication - Hello MicroService
2022-06-28 16:24:57 [main] INFO  c.m.d.t.t.k.s.r.i.TwitterV2KafkaStreamRunner - Created filter for twitter stream for keywords: [Java Microservice Spring Kafka Elasticsearch]
2022-06-28 16:24:59 [main] INFO  c.m.d.t.t.k.s.r.i.TwitterV2StreamHelper - Created rules for twitter stream Java Microservice Spring Kafka Elasticsearch
2022-06-28 19:26:41 [main] INFO  c.m.d.t.t.k.s.TwitterToKafkaServiceApplication - Starting TwitterToKafkaServiceApplication using Java 16.0.2 on LAPTOP-BM6U357P with PID 42048 (F:\SpringBoot_Learning\Event-Driven Architecure\Microservice-Demo\twitter-to-kafka-service\target\classes started by deepa in F:\SpringBoot_Learning\Event-Driven Architecure\Microservice-Demo)
2022-06-28 19:26:41 [main] INFO  c.m.d.t.t.k.s.TwitterToKafkaServiceApplication - No active profile set, falling back to 1 default profile: "default"
2022-06-28 19:26:41 [main] INFO  c.m.d.t.t.k.s.TwitterToKafkaServiceApplication - Started TwitterToKafkaServiceApplication in 1.3 seconds (JVM running for 1.976)
2022-06-28 19:26:42 [main] INFO  c.m.d.t.t.k.s.TwitterToKafkaServiceApplication - App starts...
2022-06-28 19:26:42 [main] INFO  c.m.d.t.t.k.s.TwitterToKafkaServiceApplication - [Java, Microservice, Spring, Kafka, Elasticsearch]
2022-06-28 19:26:42 [main] INFO  c.m.d.t.t.k.s.TwitterToKafkaServiceApplication - Hello MicroService
2022-06-28 19:26:42 [main] INFO  c.m.d.t.t.k.s.r.i.TwitterV2KafkaStreamRunner - Created filter for twitter stream for keywords: [Java, Microservice, Spring, Kafka, Elasticsearch]
2022-06-28 19:26:44 [main] INFO  c.m.d.t.t.k.s.r.i.TwitterV2StreamHelper - Created rules for twitter stream Java
