2022-07-08 10:02:10 [background-preinit] INFO  o.h.validator.internal.util.Version - HV000001: Hibernate Validator 6.2.3.Final
2022-07-08 10:02:10 [main] INFO  c.m.d.e.q.s.ElasticQueryServiceApplication - Starting ElasticQueryServiceApplication using Java 17.0.3.1 on LAPTOP-BM6U357P with PID 2320 (F:\SpringBoot_Learning\Event-DrivenArchitecure\Event-driven-Service\Microservice-Demo\elastic-query-service\target\classes started by deepa in F:\SpringBoot_Learning\Event-DrivenArchitecure\Event-driven-Service\Microservice-Demo)
2022-07-08 10:02:10 [main] INFO  c.m.d.e.q.s.ElasticQueryServiceApplication - The following 1 profile is active: "elastic_query"
2022-07-08 10:02:10 [main] INFO  o.s.c.c.c.ConfigServerConfigDataLoader - Fetching config from server at : http://localhost:8888
2022-07-08 10:02:10 [main] INFO  o.s.c.c.c.ConfigServerConfigDataLoader - Located environment: name=elastic-query-service,config-client, profiles=[elastic_query], label=null, version=e65ef32e90249a3429bba3a8f3ba45000e7874ee, state=null
2022-07-08 10:02:11 [main] INFO  o.s.d.r.c.RepositoryConfigurationDelegate - Bootstrapping Spring Data Elasticsearch repositories in DEFAULT mode.
2022-07-08 10:02:11 [main] INFO  o.s.d.r.c.RepositoryConfigurationDelegate - Finished Spring Data repository scanning in 189 ms. Found 1 Elasticsearch repository interfaces.
2022-07-08 10:02:11 [main] INFO  o.s.d.r.c.RepositoryConfigurationDelegate - Bootstrapping Spring Data Reactive Elasticsearch repositories in DEFAULT mode.
2022-07-08 10:02:11 [main] INFO  o.s.d.r.c.RepositoryConfigurationDelegate - Finished Spring Data repository scanning in 3 ms. Found 0 Reactive Elasticsearch repository interfaces.
2022-07-08 10:02:12 [main] INFO  o.s.cloud.context.scope.GenericScope - BeanFactory id=c0ae81c7-100f-32e9-b420-da68bd5236e2
2022-07-08 10:02:12 [main] INFO  o.s.b.w.e.tomcat.TomcatWebServer - Tomcat initialized with port(s): 8183 (http)
2022-07-08 10:02:12 [main] INFO  o.a.coyote.http11.Http11NioProtocol - Initializing ProtocolHandler ["http-nio-8183"]
2022-07-08 10:02:12 [main] INFO  o.a.catalina.core.StandardService - Starting service [Tomcat]
2022-07-08 10:02:12 [main] INFO  o.a.catalina.core.StandardEngine - Starting Servlet engine: [Apache Tomcat/9.0.64]
2022-07-08 10:02:13 [main] INFO  o.a.c.c.C.[.[.[/elastic-query-service] - Initializing Spring embedded WebApplicationContext
2022-07-08 10:02:13 [main] INFO  o.s.b.w.s.c.ServletWebServerApplicationContext - Root WebApplicationContext: initialization completed in 2857 ms
2022-07-08 10:02:14 [I/O dispatcher 1] WARN  org.elasticsearch.client.RestClient - request [GET http://localhost:9200/] returned 1 warnings: [299 Elasticsearch-7.17.5-8d61b4f7ddf931f219e3745f295ed2bbc50c8e84 "Elasticsearch built-in security features are not enabled. Without authentication, your cluster could be accessible to anyone. See https://www.elastic.co/guide/en/elasticsearch/reference/7.17/security-minimal-setup.html to enable security."]
2022-07-08 10:02:14 [main] WARN  org.elasticsearch.client.RestClient - request [HEAD http://localhost:9200/$%7Belastic-config.index-name%7D] returned 1 warnings: [299 Elasticsearch-7.17.5-8d61b4f7ddf931f219e3745f295ed2bbc50c8e84 "Elasticsearch built-in security features are not enabled. Without authentication, your cluster could be accessible to anyone. See https://www.elastic.co/guide/en/elasticsearch/reference/7.17/security-minimal-setup.html to enable security."]
2022-07-08 10:02:17 [main] INFO  o.a.coyote.http11.Http11NioProtocol - Starting ProtocolHandler ["http-nio-8183"]
2022-07-08 10:02:17 [main] INFO  o.s.b.w.e.tomcat.TomcatWebServer - Tomcat started on port(s): 8183 (http) with context path '/elastic-query-service'
2022-07-08 10:02:17 [main] INFO  c.m.d.e.q.s.ElasticQueryServiceApplication - Started ElasticQueryServiceApplication in 16.063 seconds (JVM running for 16.978)
2022-07-08 10:04:22 [http-nio-8183-exec-1] INFO  o.a.c.c.C.[.[.[/elastic-query-service] - Initializing Spring DispatcherServlet 'dispatcherServlet'
2022-07-08 10:04:22 [http-nio-8183-exec-1] INFO  o.s.web.servlet.DispatcherServlet - Initializing Servlet 'dispatcherServlet'
2022-07-08 10:04:22 [http-nio-8183-exec-1] INFO  o.s.web.servlet.DispatcherServlet - Completed initialization in 1 ms
2022-07-08 10:04:22 [http-nio-8183-exec-1] INFO  c.m.d.e.q.s.b.i.TwitterElasticQueryService - Querying elasticsearch by text kafka
2022-07-08 10:04:22 [http-nio-8183-exec-1] WARN  org.elasticsearch.client.RestClient - request [POST http://localhost:9200/twitter-index/_search?typed_keys=true&max_concurrent_shard_requests=5&search_type=query_then_fetch&batched_reduce_size=512] returned 1 warnings: [299 Elasticsearch-7.17.5-8d61b4f7ddf931f219e3745f295ed2bbc50c8e84 "Elasticsearch built-in security features are not enabled. Without authentication, your cluster could be accessible to anyone. See https://www.elastic.co/guide/en/elasticsearch/reference/7.17/security-minimal-setup.html to enable security."]
2022-07-08 10:04:22 [http-nio-8183-exec-1] INFO  c.m.d.e.q.c.s.i.TwitterElasticQueryClient - 3 of documents with text [kafka] retrieved successfully
2022-07-08 10:04:23 [http-nio-8183-exec-1] WARN  org.elasticsearch.client.RestClient - request [POST http://localhost:9200/twitter-index/_search?typed_keys=true&max_concurrent_shard_requests=5&search_type=query_then_fetch&batched_reduce_size=512] returned 1 warnings: [299 Elasticsearch-7.17.5-8d61b4f7ddf931f219e3745f295ed2bbc50c8e84 "Elasticsearch built-in security features are not enabled. Without authentication, your cluster could be accessible to anyone. See https://www.elastic.co/guide/en/elasticsearch/reference/7.17/security-minimal-setup.html to enable security."]
2022-07-08 10:04:23 [http-nio-8183-exec-1] INFO  c.m.d.e.q.c.s.i.TwitterElasticQueryClient - 3 of documents with text [kafka] retrieved successfully
2022-07-08 10:04:23 [http-nio-8183-exec-1] INFO  c.m.d.e.q.s.a.ElasticDocumentController - Elasticsearch returned 3 of documents with size: 
2022-07-08 10:04:30 [http-nio-8183-exec-3] INFO  c.m.d.e.q.s.b.i.TwitterElasticQueryService - Querying elasticsearch by text word
2022-07-08 10:04:30 [http-nio-8183-exec-3] WARN  org.elasticsearch.client.RestClient - request [POST http://localhost:9200/twitter-index/_search?typed_keys=true&max_concurrent_shard_requests=5&search_type=query_then_fetch&batched_reduce_size=512] returned 1 warnings: [299 Elasticsearch-7.17.5-8d61b4f7ddf931f219e3745f295ed2bbc50c8e84 "Elasticsearch built-in security features are not enabled. Without authentication, your cluster could be accessible to anyone. See https://www.elastic.co/guide/en/elasticsearch/reference/7.17/security-minimal-setup.html to enable security."]
2022-07-08 10:04:30 [http-nio-8183-exec-3] INFO  c.m.d.e.q.c.s.i.TwitterElasticQueryClient - 1 of documents with text [word] retrieved successfully
2022-07-08 10:04:30 [http-nio-8183-exec-3] WARN  org.elasticsearch.client.RestClient - request [POST http://localhost:9200/twitter-index/_search?typed_keys=true&max_concurrent_shard_requests=5&search_type=query_then_fetch&batched_reduce_size=512] returned 1 warnings: [299 Elasticsearch-7.17.5-8d61b4f7ddf931f219e3745f295ed2bbc50c8e84 "Elasticsearch built-in security features are not enabled. Without authentication, your cluster could be accessible to anyone. See https://www.elastic.co/guide/en/elasticsearch/reference/7.17/security-minimal-setup.html to enable security."]
2022-07-08 10:04:30 [http-nio-8183-exec-3] INFO  c.m.d.e.q.c.s.i.TwitterElasticQueryClient - 1 of documents with text [word] retrieved successfully
2022-07-08 10:04:30 [http-nio-8183-exec-3] INFO  c.m.d.e.q.s.a.ElasticDocumentController - Elasticsearch returned 1 of documents with size: 
2022-07-08 10:04:36 [http-nio-8183-exec-2] INFO  c.m.d.e.q.s.b.i.TwitterElasticQueryService - Querying elasticsearch by text spring
2022-07-08 10:04:36 [http-nio-8183-exec-2] WARN  org.elasticsearch.client.RestClient - request [POST http://localhost:9200/twitter-index/_search?typed_keys=true&max_concurrent_shard_requests=5&search_type=query_then_fetch&batched_reduce_size=512] returned 1 warnings: [299 Elasticsearch-7.17.5-8d61b4f7ddf931f219e3745f295ed2bbc50c8e84 "Elasticsearch built-in security features are not enabled. Without authentication, your cluster could be accessible to anyone. See https://www.elastic.co/guide/en/elasticsearch/reference/7.17/security-minimal-setup.html to enable security."]
2022-07-08 10:04:36 [http-nio-8183-exec-2] INFO  c.m.d.e.q.c.s.i.TwitterElasticQueryClient - 5 of documents with text [spring] retrieved successfully
2022-07-08 10:04:36 [http-nio-8183-exec-2] WARN  org.elasticsearch.client.RestClient - request [POST http://localhost:9200/twitter-index/_search?typed_keys=true&max_concurrent_shard_requests=5&search_type=query_then_fetch&batched_reduce_size=512] returned 1 warnings: [299 Elasticsearch-7.17.5-8d61b4f7ddf931f219e3745f295ed2bbc50c8e84 "Elasticsearch built-in security features are not enabled. Without authentication, your cluster could be accessible to anyone. See https://www.elastic.co/guide/en/elasticsearch/reference/7.17/security-minimal-setup.html to enable security."]
2022-07-08 10:04:36 [http-nio-8183-exec-2] INFO  c.m.d.e.q.c.s.i.TwitterElasticQueryClient - 5 of documents with text [spring] retrieved successfully
2022-07-08 10:04:36 [http-nio-8183-exec-2] INFO  c.m.d.e.q.s.a.ElasticDocumentController - Elasticsearch returned 5 of documents with size: 
